<?xml version="1.0" encoding="UTF-8"?>
<testsuite xmlns:xsi="http://www.w3.org/2001/XMLSchema-instance" xsi:noNamespaceSchemaLocation="https://maven.apache.org/surefire/maven-surefire-plugin/xsd/surefire-test-report-3.0.xsd" version="3.0" name="tek.capstone.framework.runner.TestRunner" time="44.851" tests="8" errors="0" skipped="0" failures="1">
  <properties>
[...]
</properties>
  <testcase name="Varify user can update Profile Information" classname="Retail Account Page" time="7.471">
    <system-out><![CDATA[
@completeTest
Scenario: Varify user can update Profile Information                              # features/Account.feature:12
 INFO [main] (RetailSteps.java:29)- user is on retail website
 INFO [main] (RetailSteps.java:30)- Actual Title React App Equals  ExpectedTitle React App
  Given User is on retail website                                                 # tek.capstone.framework.steps.RetailSteps.userIsOnRetailWebsite()
 INFO [main] (SignInSteps.java:21)- User click on Sign In Button
  When User click on Sign in option                                               # tek.capstone.framework.steps.SignInSteps.userClickOnSignInOption()
 INFO [main] (SignInSteps.java:32)- User enter email and password in sign in page
  And User enter email 'FARBOD.HASHEMI@TEKSCHOOL.US' and password 'Farbod@123456' # tek.capstone.framework.steps.SignInSteps.userEnterEmailAndPassword(java.lang.String,java.lang.String)
 INFO [main] (SignInSteps.java:38)- User click the log In Button
  And User click on login button                                                  # tek.capstone.framework.steps.SignInSteps.userClickOnLoginButton()
  And User should be logged in into Account                                       # tek.capstone.framework.steps.SignInSteps.userShouldBeLoggedInIntoAccount()
 INFO [main] (AccountPageSteps.java:24)- User click on account button
  Then User click on Account option                                               # tek.capstone.framework.steps.AccountPageSteps.userClickOnAccountOption()
 INFO [main] (AccountPageSteps.java:33)- User write new name and new phone number in name and phone number field
  And User update Name 'FarbodOmran' and PhoneNumber '4163458726'                 # tek.capstone.framework.steps.AccountPageSteps.userUpdateNameAndPassword(java.lang.String,java.lang.String)
 INFO [main] (AccountPageSteps.java:40)- User click the update button
  And User click on Update Button                                                 # tek.capstone.framework.steps.AccountPageSteps.userClickOnUpdateButton()
 INFO [main] (AccountPageSteps.java:47)- User get Personal Information Updated Successfully massage
  Then User profile information should be updated                                 # tek.capstone.framework.steps.AccountPageSteps.userProfileInformationShouldBeUpdated()
]]></system-out>
    <system-err><![CDATA[SLF4J: Failed to load class "org.slf4j.impl.StaticLoggerBinder".
SLF4J: Defaulting to no-operation (NOP) logger implementation
SLF4J: See http://www.slf4j.org/codes.html#StaticLoggerBinder for further details.
ERROR StatusLogger Log4j2 could not find a logging implementation. Please add log4j-core to the classpath. Using SimpleLogger to log to the console...
Starting ChromeDriver 110.0.5481.77 (65ed616c6e8ee3fe0ad64fe83796c020644d42af-refs/branch-heads/5481@{#839}) on port 62762
Only local connections are allowed.
Please see https://chromedriver.chromium.org/security-considerations for suggestions on keeping ChromeDriver safe.
ChromeDriver was started successfully.
[1677687789.641][WARNING]: virtual void DevToolsClientImpl::AddListener(DevToolsEventListener *) subscribing a listener to the already connected DevToolsClient. Connection notification will not arrive.
Mar 01, 2023 11:23:09 AM org.openqa.selenium.remote.ProtocolHandshake createSession
INFO: Detected upstream dialect: W3C
Mar 01, 2023 11:23:09 AM org.openqa.selenium.devtools.CdpVersionFinder findNearestMatch
WARNING: Unable to find an exact match for CDP version 110, so returning the closest version found: a no-op implementation
Mar 01, 2023 11:23:09 AM org.openqa.selenium.devtools.CdpVersionFinder findNearestMatch
INFO: Unable to find CDP implementation matching 110.
Mar 01, 2023 11:23:09 AM org.openqa.selenium.chromium.ChromiumDriver lambda$new$3
WARNING: Unable to find version of CDP to use for . You may need to include a dependency on a specific version of the CDP using something similar to `org.seleniumhq.selenium:selenium-devtools-v86:4.4.0` where the version ("v86") matches the version of the chromium-based browser you're using and the version number of the artifact is the same as Selenium's.
]]></system-err>
  </testcase>
  <testcase name="Varify User can Update password" classname="Retail Account Page" time="4.846">
    <system-out><![CDATA[
@completeTest
Scenario: Varify User can Update password                                         # features/Account.feature:17
 INFO [main] (RetailSteps.java:29)- user is on retail website
 INFO [main] (RetailSteps.java:30)- Actual Title React App Equals  ExpectedTitle React App
  Given User is on retail website                                                 # tek.capstone.framework.steps.RetailSteps.userIsOnRetailWebsite()
 INFO [main] (SignInSteps.java:21)- User click on Sign In Button
  When User click on Sign in option                                               # tek.capstone.framework.steps.SignInSteps.userClickOnSignInOption()
 INFO [main] (SignInSteps.java:32)- User enter email and password in sign in page
  And User enter email 'FARBOD.HASHEMI@TEKSCHOOL.US' and password 'Farbod@123456' # tek.capstone.framework.steps.SignInSteps.userEnterEmailAndPassword(java.lang.String,java.lang.String)
 INFO [main] (SignInSteps.java:38)- User click the log In Button
  And User click on login button                                                  # tek.capstone.framework.steps.SignInSteps.userClickOnLoginButton()
  And User should be logged in into Account                                       # tek.capstone.framework.steps.SignInSteps.userShouldBeLoggedInIntoAccount()
 INFO [main] (AccountPageSteps.java:24)- User click on account button
  Then User click on Account option                                               # tek.capstone.framework.steps.AccountPageSteps.userClickOnAccountOption()
 INFO [main] (AccountPageSteps.java:57)- user enter new information in change password section
  When User enter below information                                               # tek.capstone.framework.steps.AccountPageSteps.userEnterBelowInformation(io.cucumber.datatable.DataTable)
    | value1        | value2        | value3        |
    | Farbod@123456 | Farbod@123456 | Farbod@123456 |
 INFO [main] (AccountPageSteps.java:64)- User click on change password button
  And User click on Change Password button                                        # tek.capstone.framework.steps.AccountPageSteps.userClickOnChangePasswordButton()
 INFO [main] (AccountPageSteps.java:73)- user can see the massage: Password Updated Successfully
  Then a massage should be displayed 'Password Updated Successfully'              # tek.capstone.framework.steps.AccountPageSteps.aMassageShouldBeDisplayed(java.lang.String)
]]></system-out>
    <system-err><![CDATA[Starting ChromeDriver 110.0.5481.77 (65ed616c6e8ee3fe0ad64fe83796c020644d42af-refs/branch-heads/5481@{#839}) on port 59324
Only local connections are allowed.
Please see https://chromedriver.chromium.org/security-considerations for suggestions on keeping ChromeDriver safe.
ChromeDriver was started successfully.
[1677687795.059][WARNING]: virtual void DevToolsClientImpl::AddListener(DevToolsEventListener *) subscribing a listener to the already connected DevToolsClient. Connection notification will not arrive.
Mar 01, 2023 11:23:15 AM org.openqa.selenium.remote.ProtocolHandshake createSession
INFO: Detected upstream dialect: W3C
Mar 01, 2023 11:23:15 AM org.openqa.selenium.devtools.CdpVersionFinder findNearestMatch
WARNING: Unable to find an exact match for CDP version 110, so returning the closest version found: a no-op implementation
Mar 01, 2023 11:23:15 AM org.openqa.selenium.devtools.CdpVersionFinder findNearestMatch
INFO: Unable to find CDP implementation matching 110.
Mar 01, 2023 11:23:15 AM org.openqa.selenium.chromium.ChromiumDriver lambda$new$3
WARNING: Unable to find version of CDP to use for . You may need to include a dependency on a specific version of the CDP using something similar to `org.seleniumhq.selenium:selenium-devtools-v86:4.4.0` where the version ("v86") matches the version of the chromium-based browser you're using and the version number of the artifact is the same as Selenium's.
]]></system-err>
  </testcase>
  <testcase name="Varify User can add a payment method" classname="Retail Account Page" time="4.854">
    <system-out><![CDATA[
@completeTest
Scenario: Varify User can add a payment method                                    # features/Account.feature:24
 INFO [main] (RetailSteps.java:29)- user is on retail website
 INFO [main] (RetailSteps.java:30)- Actual Title React App Equals  ExpectedTitle React App
  Given User is on retail website                                                 # tek.capstone.framework.steps.RetailSteps.userIsOnRetailWebsite()
 INFO [main] (SignInSteps.java:21)- User click on Sign In Button
  When User click on Sign in option                                               # tek.capstone.framework.steps.SignInSteps.userClickOnSignInOption()
 INFO [main] (SignInSteps.java:32)- User enter email and password in sign in page
  And User enter email 'FARBOD.HASHEMI@TEKSCHOOL.US' and password 'Farbod@123456' # tek.capstone.framework.steps.SignInSteps.userEnterEmailAndPassword(java.lang.String,java.lang.String)
 INFO [main] (SignInSteps.java:38)- User click the log In Button
  And User click on login button                                                  # tek.capstone.framework.steps.SignInSteps.userClickOnLoginButton()
  And User should be logged in into Account                                       # tek.capstone.framework.steps.SignInSteps.userShouldBeLoggedInIntoAccount()
 INFO [main] (AccountPageSteps.java:24)- User click on account button
  Then User click on Account option                                               # tek.capstone.framework.steps.AccountPageSteps.userClickOnAccountOption()
 INFO [main] (AccountPageSteps.java:96)- User click on Add a Payment Method
  When User click on Add a payment method link                                    # tek.capstone.framework.steps.AccountPageSteps.userClickOnAddAPaymentMethodLink()
  And User fil Debit or Credit card information                                   # tek.capstone.framework.steps.AccountPageSteps.userFilDebitOrCreditCardInformation(io.cucumber.datatable.DataTable)
    | cardNumber       | nameOnCard   | expirationMonth | expirationYear | securityCode |
    | 5674235698431246 | farbodomrani | 3               | 2025           | 007          |
  And User click on Add your card button                                          # tek.capstone.framework.steps.AccountPageSteps.userClickOnAddYourCardButton()
 INFO [main] (AccountPageSteps.java:77)- user can see the massage: Card added Successfully
  Then a massage should be displayed 'Payment Method added successfully'          # tek.capstone.framework.steps.AccountPageSteps.aMassageShouldBeDisplayed(java.lang.String)
]]></system-out>
    <system-err><![CDATA[Starting ChromeDriver 110.0.5481.77 (65ed616c6e8ee3fe0ad64fe83796c020644d42af-refs/branch-heads/5481@{#839}) on port 55308
Only local connections are allowed.
Please see https://chromedriver.chromium.org/security-considerations for suggestions on keeping ChromeDriver safe.
ChromeDriver was started successfully.
[1677687799.811][WARNING]: virtual void DevToolsClientImpl::AddListener(DevToolsEventListener *) subscribing a listener to the already connected DevToolsClient. Connection notification will not arrive.
Mar 01, 2023 11:23:19 AM org.openqa.selenium.remote.ProtocolHandshake createSession
INFO: Detected upstream dialect: W3C
Mar 01, 2023 11:23:19 AM org.openqa.selenium.devtools.CdpVersionFinder findNearestMatch
WARNING: Unable to find an exact match for CDP version 110, so returning the closest version found: a no-op implementation
Mar 01, 2023 11:23:19 AM org.openqa.selenium.devtools.CdpVersionFinder findNearestMatch
INFO: Unable to find CDP implementation matching 110.
Mar 01, 2023 11:23:19 AM org.openqa.selenium.chromium.ChromiumDriver lambda$new$3
WARNING: Unable to find version of CDP to use for . You may need to include a dependency on a specific version of the CDP using something similar to `org.seleniumhq.selenium:selenium-devtools-v86:4.4.0` where the version ("v86") matches the version of the chromium-based browser you're using and the version number of the artifact is the same as Selenium's.
]]></system-err>
  </testcase>
  <testcase name="Varify User can edit Debit or Credit Card" classname="Retail Account Page" time="5.375">
    <system-out><![CDATA[
@completeTest
Scenario: Varify User can edit Debit or Credit Card                               # features/Account.feature:32
 INFO [main] (RetailSteps.java:29)- user is on retail website
 INFO [main] (RetailSteps.java:30)- Actual Title React App Equals  ExpectedTitle React App
  Given User is on retail website                                                 # tek.capstone.framework.steps.RetailSteps.userIsOnRetailWebsite()
 INFO [main] (SignInSteps.java:21)- User click on Sign In Button
  When User click on Sign in option                                               # tek.capstone.framework.steps.SignInSteps.userClickOnSignInOption()
 INFO [main] (SignInSteps.java:32)- User enter email and password in sign in page
  And User enter email 'FARBOD.HASHEMI@TEKSCHOOL.US' and password 'Farbod@123456' # tek.capstone.framework.steps.SignInSteps.userEnterEmailAndPassword(java.lang.String,java.lang.String)
 INFO [main] (SignInSteps.java:38)- User click the log In Button
  And User click on login button                                                  # tek.capstone.framework.steps.SignInSteps.userClickOnLoginButton()
  And User should be logged in into Account                                       # tek.capstone.framework.steps.SignInSteps.userShouldBeLoggedInIntoAccount()
 INFO [main] (AccountPageSteps.java:24)- User click on account button
  Then User click on Account option                                               # tek.capstone.framework.steps.AccountPageSteps.userClickOnAccountOption()
  When User click on Edit option of card section                                  # tek.capstone.framework.steps.AccountPageSteps.userClickOnEditOptionOfCardSection()
 INFO [main] (AccountPageSteps.java:140)- User enter new information in edit card field
  And User edit information with below data                                       # tek.capstone.framework.steps.AccountPageSteps.userEditInformationWithBelowData(io.cucumber.datatable.DataTable)
    | CardNumber       | nameOnCard  | expirationMonth | expirationYear | securityCode |
    | 4546376457623244 | FarbodOmran | 5               | 2028           | 363          |
 INFO [main] (AccountPageSteps.java:146)- User click on update card button
  And User click on Update Your Card button                                       # tek.capstone.framework.steps.AccountPageSteps.userClickOnUpdateYourCardButton()
 INFO [main] (AccountPageSteps.java:81)- User successfully edited Debit or Credit Card information
  Then a massage should be displayed 'Payment Method updated Successfully'        # tek.capstone.framework.steps.AccountPageSteps.aMassageShouldBeDisplayed(java.lang.String)
]]></system-out>
    <system-err><![CDATA[Starting ChromeDriver 110.0.5481.77 (65ed616c6e8ee3fe0ad64fe83796c020644d42af-refs/branch-heads/5481@{#839}) on port 51812
Only local connections are allowed.
Please see https://chromedriver.chromium.org/security-considerations for suggestions on keeping ChromeDriver safe.
ChromeDriver was started successfully.
[1677687804.723][WARNING]: virtual void DevToolsClientImpl::AddListener(DevToolsEventListener *) subscribing a listener to the already connected DevToolsClient. Connection notification will not arrive.
Mar 01, 2023 11:23:24 AM org.openqa.selenium.remote.ProtocolHandshake createSession
INFO: Detected upstream dialect: W3C
Mar 01, 2023 11:23:24 AM org.openqa.selenium.devtools.CdpVersionFinder findNearestMatch
WARNING: Unable to find an exact match for CDP version 110, so returning the closest version found: a no-op implementation
Mar 01, 2023 11:23:24 AM org.openqa.selenium.devtools.CdpVersionFinder findNearestMatch
INFO: Unable to find CDP implementation matching 110.
Mar 01, 2023 11:23:24 AM org.openqa.selenium.chromium.ChromiumDriver lambda$new$3
WARNING: Unable to find version of CDP to use for . You may need to include a dependency on a specific version of the CDP using something similar to `org.seleniumhq.selenium:selenium-devtools-v86:4.4.0` where the version ("v86") matches the version of the chromium-based browser you're using and the version number of the artifact is the same as Selenium's.
]]></system-err>
  </testcase>
  <testcase name="Varify user can remove Debit or Credit card" classname="Retail Account Page" time="3.925">
    <failure type="java.lang.AssertionError"><![CDATA[java.lang.AssertionError
	at org.junit.Assert.fail(Assert.java:87)
	at org.junit.Assert.assertTrue(Assert.java:42)
	at org.junit.Assert.assertFalse(Assert.java:65)
	at org.junit.Assert.assertFalse(Assert.java:75)
	at tek.capstone.framework.steps.AccountPageSteps.paymentDetailsShouldBeRemoved(AccountPageSteps.java:163)
	at ✽.payment details should be removed(classpath:features/Account.feature:43)
]]></failure>
    <system-out><![CDATA[
@completeTest
Scenario: Varify user can remove Debit or Credit card                             # features/Account.feature:40
 INFO [main] (RetailSteps.java:29)- user is on retail website
 INFO [main] (RetailSteps.java:30)- Actual Title React App Equals  ExpectedTitle React App
  Given User is on retail website                                                 # tek.capstone.framework.steps.RetailSteps.userIsOnRetailWebsite()
 INFO [main] (SignInSteps.java:21)- User click on Sign In Button
  When User click on Sign in option                                               # tek.capstone.framework.steps.SignInSteps.userClickOnSignInOption()
 INFO [main] (SignInSteps.java:32)- User enter email and password in sign in page
  And User enter email 'FARBOD.HASHEMI@TEKSCHOOL.US' and password 'Farbod@123456' # tek.capstone.framework.steps.SignInSteps.userEnterEmailAndPassword(java.lang.String,java.lang.String)
 INFO [main] (SignInSteps.java:38)- User click the log In Button
  And User click on login button                                                  # tek.capstone.framework.steps.SignInSteps.userClickOnLoginButton()
  And User should be logged in into Account                                       # tek.capstone.framework.steps.SignInSteps.userShouldBeLoggedInIntoAccount()
 INFO [main] (AccountPageSteps.java:24)- User click on account button
  Then User click on Account option                                               # tek.capstone.framework.steps.AccountPageSteps.userClickOnAccountOption()
 INFO [main] (AccountPageSteps.java:152)- User Click to remove the debit or credit card
  When User click on remove option                                                # tek.capstone.framework.steps.AccountPageSteps.userClickOnRemoveOption()
 INFO [main] (AccountPageSteps.java:158)- User clock on remove card button
  And User click on remove option of card section                                 # tek.capstone.framework.steps.AccountPageSteps.userClickOnRemoveOptionOfCardSection()
  Then payment details should be removed                                          # tek.capstone.framework.steps.AccountPageSteps.paymentDetailsShouldBeRemoved()
      java.lang.AssertionError
	at org.junit.Assert.fail(Assert.java:87)
	at org.junit.Assert.assertTrue(Assert.java:42)
	at org.junit.Assert.assertFalse(Assert.java:65)
	at org.junit.Assert.assertFalse(Assert.java:75)
	at tek.capstone.framework.steps.AccountPageSteps.paymentDetailsShouldBeRemoved(AccountPageSteps.java:163)
	at âœ½.payment details should be removed(classpath:features/Account.feature:43)


    Embedding Varify user can remove Debit or Credit card scenario Failed [iamge/png 107246 bytes]

]]></system-out>
    <system-err><![CDATA[Starting ChromeDriver 110.0.5481.77 (65ed616c6e8ee3fe0ad64fe83796c020644d42af-refs/branch-heads/5481@{#839}) on port 63633
Only local connections are allowed.
Please see https://chromedriver.chromium.org/security-considerations for suggestions on keeping ChromeDriver safe.
ChromeDriver was started successfully.
[1677687810.070][WARNING]: virtual void DevToolsClientImpl::AddListener(DevToolsEventListener *) subscribing a listener to the already connected DevToolsClient. Connection notification will not arrive.
Mar 01, 2023 11:23:30 AM org.openqa.selenium.remote.ProtocolHandshake createSession
INFO: Detected upstream dialect: W3C
Mar 01, 2023 11:23:30 AM org.openqa.selenium.devtools.CdpVersionFinder findNearestMatch
WARNING: Unable to find an exact match for CDP version 110, so returning the closest version found: a no-op implementation
Mar 01, 2023 11:23:30 AM org.openqa.selenium.devtools.CdpVersionFinder findNearestMatch
INFO: Unable to find CDP implementation matching 110.
Mar 01, 2023 11:23:30 AM org.openqa.selenium.chromium.ChromiumDriver lambda$new$3
WARNING: Unable to find version of CDP to use for . You may need to include a dependency on a specific version of the CDP using something similar to `org.seleniumhq.selenium:selenium-devtools-v86:4.4.0` where the version ("v86") matches the version of the chromium-based browser you're using and the version number of the artifact is the same as Selenium's.
]]></system-err>
  </testcase>
  <testcase name="Varify user can add an Address" classname="Retail Account Page" time="6.563">
    <system-out><![CDATA[
@completeTest
Scenario: Varify user can add an Address                                          # features/Account.feature:45
 INFO [main] (RetailSteps.java:29)- user is on retail website
 INFO [main] (RetailSteps.java:30)- Actual Title React App Equals  ExpectedTitle React App
  Given User is on retail website                                                 # tek.capstone.framework.steps.RetailSteps.userIsOnRetailWebsite()
 INFO [main] (SignInSteps.java:21)- User click on Sign In Button
  When User click on Sign in option                                               # tek.capstone.framework.steps.SignInSteps.userClickOnSignInOption()
 INFO [main] (SignInSteps.java:32)- User enter email and password in sign in page
  And User enter email 'FARBOD.HASHEMI@TEKSCHOOL.US' and password 'Farbod@123456' # tek.capstone.framework.steps.SignInSteps.userEnterEmailAndPassword(java.lang.String,java.lang.String)
 INFO [main] (SignInSteps.java:38)- User click the log In Button
  And User click on login button                                                  # tek.capstone.framework.steps.SignInSteps.userClickOnLoginButton()
  And User should be logged in into Account                                       # tek.capstone.framework.steps.SignInSteps.userShouldBeLoggedInIntoAccount()
 INFO [main] (AccountPageSteps.java:24)- User click on account button
  Then User click on Account option                                               # tek.capstone.framework.steps.AccountPageSteps.userClickOnAccountOption()
 INFO [main] (AccountPageSteps.java:173)- User click on add your address option
  When User click on Add address option                                           # tek.capstone.framework.steps.AccountPageSteps.userClickOnAddAddressOption()
 INFO [main] (AccountPageSteps.java:195)- user fill the address section based on faker class data
  And User fill new address form with belew information                           # tek.capstone.framework.steps.AccountPageSteps.userFillNewAddressFormWithBelewInformation(io.cucumber.datatable.DataTable)
    | country | fullName | PhoneNumber | StreetAddress | apt | city | state | zipCode |
 INFO [main] (AccountPageSteps.java:202)- User click on Add Your Address Button
  And User click Add Your Address button                                          # tek.capstone.framework.steps.AccountPageSteps.userClickAddYourAddressButton()
 INFO [main] (AccountPageSteps.java:85)- User successfully added address
  Then a massage should be displayed 'Address added successfully'                 # tek.capstone.framework.steps.AccountPageSteps.aMassageShouldBeDisplayed(java.lang.String)
]]></system-out>
    <system-err><![CDATA[Starting ChromeDriver 110.0.5481.77 (65ed616c6e8ee3fe0ad64fe83796c020644d42af-refs/branch-heads/5481@{#839}) on port 53932
Only local connections are allowed.
Please see https://chromedriver.chromium.org/security-considerations for suggestions on keeping ChromeDriver safe.
ChromeDriver was started successfully.
[1677687814.125][WARNING]: virtual void DevToolsClientImpl::AddListener(DevToolsEventListener *) subscribing a listener to the already connected DevToolsClient. Connection notification will not arrive.
Mar 01, 2023 11:23:34 AM org.openqa.selenium.remote.ProtocolHandshake createSession
INFO: Detected upstream dialect: W3C
Mar 01, 2023 11:23:34 AM org.openqa.selenium.devtools.CdpVersionFinder findNearestMatch
WARNING: Unable to find an exact match for CDP version 110, so returning the closest version found: a no-op implementation
Mar 01, 2023 11:23:34 AM org.openqa.selenium.devtools.CdpVersionFinder findNearestMatch
INFO: Unable to find CDP implementation matching 110.
Mar 01, 2023 11:23:34 AM org.openqa.selenium.chromium.ChromiumDriver lambda$new$3
WARNING: Unable to find version of CDP to use for . You may need to include a dependency on a specific version of the CDP using something similar to `org.seleniumhq.selenium:selenium-devtools-v86:4.4.0` where the version ("v86") matches the version of the chromium-based browser you're using and the version number of the artifact is the same as Selenium's.
]]></system-err>
  </testcase>
  <testcase name="Varify User can edit an Address added on account" classname="Retail Account Page" time="6.7">
    <system-out><![CDATA[
@completeTest
Scenario: Varify User can edit an Address added on account                        # features/Account.feature:52
 INFO [main] (RetailSteps.java:29)- user is on retail website
 INFO [main] (RetailSteps.java:30)- Actual Title React App Equals  ExpectedTitle React App
  Given User is on retail website                                                 # tek.capstone.framework.steps.RetailSteps.userIsOnRetailWebsite()
 INFO [main] (SignInSteps.java:21)- User click on Sign In Button
  When User click on Sign in option                                               # tek.capstone.framework.steps.SignInSteps.userClickOnSignInOption()
 INFO [main] (SignInSteps.java:32)- User enter email and password in sign in page
  And User enter email 'FARBOD.HASHEMI@TEKSCHOOL.US' and password 'Farbod@123456' # tek.capstone.framework.steps.SignInSteps.userEnterEmailAndPassword(java.lang.String,java.lang.String)
 INFO [main] (SignInSteps.java:38)- User click the log In Button
  And User click on login button                                                  # tek.capstone.framework.steps.SignInSteps.userClickOnLoginButton()
  And User should be logged in into Account                                       # tek.capstone.framework.steps.SignInSteps.userShouldBeLoggedInIntoAccount()
 INFO [main] (AccountPageSteps.java:24)- User click on account button
  Then User click on Account option                                               # tek.capstone.framework.steps.AccountPageSteps.userClickOnAccountOption()
 INFO [main] (AccountPageSteps.java:208)- User click to edit address
  When User click on edit address option                                          # tek.capstone.framework.steps.AccountPageSteps.userClickOnEditAddressOption()
 INFO [main] (AccountPageSteps.java:237)- User fill the new information for updating address
  And User fill new address form with below information                           # tek.capstone.framework.steps.AccountPageSteps.userFillNewAddressFormWithBelowInformation(io.cucumber.datatable.DataTable)
    | country | fullName | PhoneNumber | StreetAddress | apt | city | state | zipCode |
 INFO [main] (AccountPageSteps.java:243)- User click on update address button
  And User click update Your Address button                                       # tek.capstone.framework.steps.AccountPageSteps.userClickUpdateYourAddressButton()
 INFO [main] (AccountPageSteps.java:89)- User successfully updatet address
  Then a massage should be displayed 'Address Updatet Successfully'               # tek.capstone.framework.steps.AccountPageSteps.aMassageShouldBeDisplayed(java.lang.String)
]]></system-out>
    <system-err><![CDATA[Starting ChromeDriver 110.0.5481.77 (65ed616c6e8ee3fe0ad64fe83796c020644d42af-refs/branch-heads/5481@{#839}) on port 64449
Only local connections are allowed.
Please see https://chromedriver.chromium.org/security-considerations for suggestions on keeping ChromeDriver safe.
ChromeDriver was started successfully.
[1677687820.696][WARNING]: virtual void DevToolsClientImpl::AddListener(DevToolsEventListener *) subscribing a listener to the already connected DevToolsClient. Connection notification will not arrive.
Mar 01, 2023 11:23:40 AM org.openqa.selenium.remote.ProtocolHandshake createSession
INFO: Detected upstream dialect: W3C
Mar 01, 2023 11:23:40 AM org.openqa.selenium.devtools.CdpVersionFinder findNearestMatch
WARNING: Unable to find an exact match for CDP version 110, so returning the closest version found: a no-op implementation
Mar 01, 2023 11:23:40 AM org.openqa.selenium.devtools.CdpVersionFinder findNearestMatch
INFO: Unable to find CDP implementation matching 110.
Mar 01, 2023 11:23:40 AM org.openqa.selenium.chromium.ChromiumDriver lambda$new$3
WARNING: Unable to find version of CDP to use for . You may need to include a dependency on a specific version of the CDP using something similar to `org.seleniumhq.selenium:selenium-devtools-v86:4.4.0` where the version ("v86") matches the version of the chromium-based browser you're using and the version number of the artifact is the same as Selenium's.
]]></system-err>
  </testcase>
  <testcase name="Varify User can remove Address from Account" classname="Retail Account Page" time="3.863">
    <system-out><![CDATA[
@completeTest
Scenario: Varify User can remove Address from Account                             # features/Account.feature:59
 INFO [main] (RetailSteps.java:29)- user is on retail website
 INFO [main] (RetailSteps.java:30)- Actual Title React App Equals  ExpectedTitle React App
  Given User is on retail website                                                 # tek.capstone.framework.steps.RetailSteps.userIsOnRetailWebsite()
 INFO [main] (SignInSteps.java:21)- User click on Sign In Button
  When User click on Sign in option                                               # tek.capstone.framework.steps.SignInSteps.userClickOnSignInOption()
 INFO [main] (SignInSteps.java:32)- User enter email and password in sign in page
  And User enter email 'FARBOD.HASHEMI@TEKSCHOOL.US' and password 'Farbod@123456' # tek.capstone.framework.steps.SignInSteps.userEnterEmailAndPassword(java.lang.String,java.lang.String)
 INFO [main] (SignInSteps.java:38)- User click the log In Button
  And User click on login button                                                  # tek.capstone.framework.steps.SignInSteps.userClickOnLoginButton()
  And User should be logged in into Account                                       # tek.capstone.framework.steps.SignInSteps.userShouldBeLoggedInIntoAccount()
 INFO [main] (AccountPageSteps.java:24)- User click on account button
  Then User click on Account option                                               # tek.capstone.framework.steps.AccountPageSteps.userClickOnAccountOption()
 INFO [main] (AccountPageSteps.java:249)- User click on remove button on address field to remove address
  When User click on remove option of Address section                             # tek.capstone.framework.steps.AccountPageSteps.userClickOnRemoveOptionOfAddressSection()
 INFO [main] (AccountPageSteps.java:255)- User successfully remove address
  Then Address details should be removed                                          # tek.capstone.framework.steps.AccountPageSteps.addressDetailsShouldBeRemoved()
]]></system-out>
    <system-err><![CDATA[Starting ChromeDriver 110.0.5481.77 (65ed616c6e8ee3fe0ad64fe83796c020644d42af-refs/branch-heads/5481@{#839}) on port 58309
Only local connections are allowed.
Please see https://chromedriver.chromium.org/security-considerations for suggestions on keeping ChromeDriver safe.
ChromeDriver was started successfully.
[1677687827.349][WARNING]: virtual void DevToolsClientImpl::AddListener(DevToolsEventListener *) subscribing a listener to the already connected DevToolsClient. Connection notification will not arrive.
Mar 01, 2023 11:23:47 AM org.openqa.selenium.remote.ProtocolHandshake createSession
INFO: Detected upstream dialect: W3C
Mar 01, 2023 11:23:47 AM org.openqa.selenium.devtools.CdpVersionFinder findNearestMatch
WARNING: Unable to find an exact match for CDP version 110, so returning the closest version found: a no-op implementation
Mar 01, 2023 11:23:47 AM org.openqa.selenium.devtools.CdpVersionFinder findNearestMatch
INFO: Unable to find CDP implementation matching 110.
Mar 01, 2023 11:23:47 AM org.openqa.selenium.chromium.ChromiumDriver lambda$new$3
WARNING: Unable to find version of CDP to use for . You may need to include a dependency on a specific version of the CDP using something similar to `org.seleniumhq.selenium:selenium-devtools-v86:4.4.0` where the version ("v86") matches the version of the chromium-based browser you're using and the version number of the artifact is the same as Selenium's.
]]></system-err>
  </testcase>
</testsuite>