<?xml version="1.0" encoding="UTF-8"?>
<testsuite xmlns:xsi="http://www.w3.org/2001/XMLSchema-instance" xsi:noNamespaceSchemaLocation="https://maven.apache.org/surefire/maven-surefire-plugin/xsd/surefire-test-report-3.0.xsd" version="3.0" name="tek.capstone.framework.runner.TestRunner" time="122.154" tests="22" errors="0" skipped="0" failures="0">
  <properties>
[...]
</properties>
  <testcase name="Varify user can update Profile Information" classname="Retail Account Page" time="10.353">
    <system-out><![CDATA[
@completeTest
Scenario: Varify user can update Profile Information                              # features/Account.feature:12
 INFO [main] (RetailSteps.java:29)- user is on retail website
 INFO [main] (RetailSteps.java:30)- Actual Title React App Equals  ExpectedTitle React App
  Given User is on retail website                                                 # tek.capstone.framework.steps.RetailSteps.userIsOnRetailWebsite()
 INFO [main] (SignInSteps.java:21)- User click on Sign In Button
  When User click on Sign in option                                               # tek.capstone.framework.steps.SignInSteps.userClickOnSignInOption()
 INFO [main] (SignInSteps.java:32)- User enter email and password in sign in page
  And User enter email 'FARBOD.HASHEMI@TEKSCHOOL.US' and password 'Farbod@123456' # tek.capstone.framework.steps.SignInSteps.userEnterEmailAndPassword(java.lang.String,java.lang.String)
 INFO [main] (SignInSteps.java:38)- User click the log In Button
  And User click on login button                                                  # tek.capstone.framework.steps.SignInSteps.userClickOnLoginButton()
  And User should be logged in into Account                                       # tek.capstone.framework.steps.SignInSteps.userShouldBeLoggedInIntoAccount()
 INFO [main] (AccountPageSteps.java:24)- User click on account button
  Then User click on Account option                                               # tek.capstone.framework.steps.AccountPageSteps.userClickOnAccountOption()
 INFO [main] (AccountPageSteps.java:33)- User write new name and new phone number in name and phone number field
  And User update Name 'FarbodOmran' and PhoneNumber '4163458724'                 # tek.capstone.framework.steps.AccountPageSteps.userUpdateNameAndPassword(java.lang.String,java.lang.String)
 INFO [main] (AccountPageSteps.java:40)- User click the update button
  And User click on Update Button                                                 # tek.capstone.framework.steps.AccountPageSteps.userClickOnUpdateButton()
 INFO [main] (AccountPageSteps.java:47)- User get Personal Information Updated Successfully massage
  Then User profile information should be updated                                 # tek.capstone.framework.steps.AccountPageSteps.userProfileInformationShouldBeUpdated()
]]></system-out>
    <system-err><![CDATA[SLF4J: Failed to load class "org.slf4j.impl.StaticLoggerBinder".
SLF4J: Defaulting to no-operation (NOP) logger implementation
SLF4J: See http://www.slf4j.org/codes.html#StaticLoggerBinder for further details.
ERROR StatusLogger Log4j2 could not find a logging implementation. Please add log4j-core to the classpath. Using SimpleLogger to log to the console...
Starting ChromeDriver 110.0.5481.77 (65ed616c6e8ee3fe0ad64fe83796c020644d42af-refs/branch-heads/5481@{#839}) on port 52587
Only local connections are allowed.
Please see https://chromedriver.chromium.org/security-considerations for suggestions on keeping ChromeDriver safe.
ChromeDriver was started successfully.
[1678064034.201][WARNING]: virtual void DevToolsClientImpl::AddListener(DevToolsEventListener *) subscribing a listener to the already connected DevToolsClient. Connection notification will not arrive.
Mar 05, 2023 7:53:54 PM org.openqa.selenium.remote.ProtocolHandshake createSession
INFO: Detected upstream dialect: W3C
Mar 05, 2023 7:53:54 PM org.openqa.selenium.devtools.CdpVersionFinder findNearestMatch
WARNING: Unable to find an exact match for CDP version 110, so returning the closest version found: a no-op implementation
Mar 05, 2023 7:53:54 PM org.openqa.selenium.devtools.CdpVersionFinder findNearestMatch
INFO: Unable to find CDP implementation matching 110.
Mar 05, 2023 7:53:54 PM org.openqa.selenium.chromium.ChromiumDriver lambda$new$3
WARNING: Unable to find version of CDP to use for . You may need to include a dependency on a specific version of the CDP using something similar to `org.seleniumhq.selenium:selenium-devtools-v86:4.4.0` where the version ("v86") matches the version of the chromium-based browser you're using and the version number of the artifact is the same as Selenium's.
]]></system-err>
  </testcase>
  <testcase name="Varify User can Update password" classname="Retail Account Page" time="6.271">
    <system-out><![CDATA[
@completeTest
Scenario: Varify User can Update password                                         # features/Account.feature:17
 INFO [main] (RetailSteps.java:29)- user is on retail website
 INFO [main] (RetailSteps.java:30)- Actual Title React App Equals  ExpectedTitle React App
  Given User is on retail website                                                 # tek.capstone.framework.steps.RetailSteps.userIsOnRetailWebsite()
 INFO [main] (SignInSteps.java:21)- User click on Sign In Button
  When User click on Sign in option                                               # tek.capstone.framework.steps.SignInSteps.userClickOnSignInOption()
 INFO [main] (SignInSteps.java:32)- User enter email and password in sign in page
  And User enter email 'FARBOD.HASHEMI@TEKSCHOOL.US' and password 'Farbod@123456' # tek.capstone.framework.steps.SignInSteps.userEnterEmailAndPassword(java.lang.String,java.lang.String)
 INFO [main] (SignInSteps.java:38)- User click the log In Button
  And User click on login button                                                  # tek.capstone.framework.steps.SignInSteps.userClickOnLoginButton()
  And User should be logged in into Account                                       # tek.capstone.framework.steps.SignInSteps.userShouldBeLoggedInIntoAccount()
 INFO [main] (AccountPageSteps.java:24)- User click on account button
  Then User click on Account option                                               # tek.capstone.framework.steps.AccountPageSteps.userClickOnAccountOption()
 INFO [main] (AccountPageSteps.java:57)- user enter new information in change password section
  When User enter below information                                               # tek.capstone.framework.steps.AccountPageSteps.userEnterBelowInformation(io.cucumber.datatable.DataTable)
    | value1        | value2        | value3        |
    | Farbod@123456 | Farbod@123456 | Farbod@123456 |
 INFO [main] (AccountPageSteps.java:64)- User click on change password button
  And User click on Change Password button                                        # tek.capstone.framework.steps.AccountPageSteps.userClickOnChangePasswordButton()
 INFO [main] (AccountPageSteps.java:73)- user can see the massage: Password Updated Successfully
  Then a massage should be displayed 'Password Updated Successfully'              # tek.capstone.framework.steps.AccountPageSteps.aMassageShouldBeDisplayed(java.lang.String)
]]></system-out>
    <system-err><![CDATA[Starting ChromeDriver 110.0.5481.77 (65ed616c6e8ee3fe0ad64fe83796c020644d42af-refs/branch-heads/5481@{#839}) on port 60606
Only local connections are allowed.
Please see https://chromedriver.chromium.org/security-considerations for suggestions on keeping ChromeDriver safe.
ChromeDriver was started successfully.
[1678064042.196][WARNING]: virtual void DevToolsClientImpl::AddListener(DevToolsEventListener *) subscribing a listener to the already connected DevToolsClient. Connection notification will not arrive.
Mar 05, 2023 7:54:02 PM org.openqa.selenium.remote.ProtocolHandshake createSession
INFO: Detected upstream dialect: W3C
Mar 05, 2023 7:54:02 PM org.openqa.selenium.devtools.CdpVersionFinder findNearestMatch
WARNING: Unable to find an exact match for CDP version 110, so returning the closest version found: a no-op implementation
Mar 05, 2023 7:54:02 PM org.openqa.selenium.devtools.CdpVersionFinder findNearestMatch
INFO: Unable to find CDP implementation matching 110.
Mar 05, 2023 7:54:02 PM org.openqa.selenium.chromium.ChromiumDriver lambda$new$3
WARNING: Unable to find version of CDP to use for . You may need to include a dependency on a specific version of the CDP using something similar to `org.seleniumhq.selenium:selenium-devtools-v86:4.4.0` where the version ("v86") matches the version of the chromium-based browser you're using and the version number of the artifact is the same as Selenium's.
]]></system-err>
  </testcase>
  <testcase name="Varify User can add a payment method" classname="Retail Account Page" time="6.387">
    <system-out><![CDATA[
@completeTest
Scenario: Varify User can add a payment method                                    # features/Account.feature:24
 INFO [main] (RetailSteps.java:29)- user is on retail website
 INFO [main] (RetailSteps.java:30)- Actual Title React App Equals  ExpectedTitle React App
  Given User is on retail website                                                 # tek.capstone.framework.steps.RetailSteps.userIsOnRetailWebsite()
 INFO [main] (SignInSteps.java:21)- User click on Sign In Button
  When User click on Sign in option                                               # tek.capstone.framework.steps.SignInSteps.userClickOnSignInOption()
 INFO [main] (SignInSteps.java:32)- User enter email and password in sign in page
  And User enter email 'FARBOD.HASHEMI@TEKSCHOOL.US' and password 'Farbod@123456' # tek.capstone.framework.steps.SignInSteps.userEnterEmailAndPassword(java.lang.String,java.lang.String)
 INFO [main] (SignInSteps.java:38)- User click the log In Button
  And User click on login button                                                  # tek.capstone.framework.steps.SignInSteps.userClickOnLoginButton()
  And User should be logged in into Account                                       # tek.capstone.framework.steps.SignInSteps.userShouldBeLoggedInIntoAccount()
 INFO [main] (AccountPageSteps.java:24)- User click on account button
  Then User click on Account option                                               # tek.capstone.framework.steps.AccountPageSteps.userClickOnAccountOption()
 INFO [main] (AccountPageSteps.java:96)- User click on Add a Payment Method
  When User click on Add a payment method link                                    # tek.capstone.framework.steps.AccountPageSteps.userClickOnAddAPaymentMethodLink()
  And User fil Debit or Credit card information                                   # tek.capstone.framework.steps.AccountPageSteps.userFilDebitOrCreditCardInformation(io.cucumber.datatable.DataTable)
    | cardNumber       | nameOnCard   | expirationMonth | expirationYear | securityCode |
    | 5674235698431229 | farbodomrani | 3               | 2025           | 007          |
  And User click on Add your card button                                          # tek.capstone.framework.steps.AccountPageSteps.userClickOnAddYourCardButton()
 INFO [main] (AccountPageSteps.java:77)- user can see the massage: Card added Successfully
  Then a massage should be displayed 'Payment Method added successfully'          # tek.capstone.framework.steps.AccountPageSteps.aMassageShouldBeDisplayed(java.lang.String)
]]></system-out>
    <system-err><![CDATA[Starting ChromeDriver 110.0.5481.77 (65ed616c6e8ee3fe0ad64fe83796c020644d42af-refs/branch-heads/5481@{#839}) on port 54578
Only local connections are allowed.
Please see https://chromedriver.chromium.org/security-considerations for suggestions on keeping ChromeDriver safe.
ChromeDriver was started successfully.
[1678064048.532][WARNING]: virtual void DevToolsClientImpl::AddListener(DevToolsEventListener *) subscribing a listener to the already connected DevToolsClient. Connection notification will not arrive.
Mar 05, 2023 7:54:08 PM org.openqa.selenium.remote.ProtocolHandshake createSession
INFO: Detected upstream dialect: W3C
Mar 05, 2023 7:54:08 PM org.openqa.selenium.devtools.CdpVersionFinder findNearestMatch
WARNING: Unable to find an exact match for CDP version 110, so returning the closest version found: a no-op implementation
Mar 05, 2023 7:54:08 PM org.openqa.selenium.devtools.CdpVersionFinder findNearestMatch
INFO: Unable to find CDP implementation matching 110.
Mar 05, 2023 7:54:08 PM org.openqa.selenium.chromium.ChromiumDriver lambda$new$3
WARNING: Unable to find version of CDP to use for . You may need to include a dependency on a specific version of the CDP using something similar to `org.seleniumhq.selenium:selenium-devtools-v86:4.4.0` where the version ("v86") matches the version of the chromium-based browser you're using and the version number of the artifact is the same as Selenium's.
]]></system-err>
  </testcase>
  <testcase name="Varify User can edit Debit or Credit Card" classname="Retail Account Page" time="6.977">
    <system-out><![CDATA[
@completeTest
Scenario: Varify User can edit Debit or Credit Card                               # features/Account.feature:32
 INFO [main] (RetailSteps.java:29)- user is on retail website
 INFO [main] (RetailSteps.java:30)- Actual Title React App Equals  ExpectedTitle React App
  Given User is on retail website                                                 # tek.capstone.framework.steps.RetailSteps.userIsOnRetailWebsite()
 INFO [main] (SignInSteps.java:21)- User click on Sign In Button
  When User click on Sign in option                                               # tek.capstone.framework.steps.SignInSteps.userClickOnSignInOption()
 INFO [main] (SignInSteps.java:32)- User enter email and password in sign in page
  And User enter email 'FARBOD.HASHEMI@TEKSCHOOL.US' and password 'Farbod@123456' # tek.capstone.framework.steps.SignInSteps.userEnterEmailAndPassword(java.lang.String,java.lang.String)
 INFO [main] (SignInSteps.java:38)- User click the log In Button
  And User click on login button                                                  # tek.capstone.framework.steps.SignInSteps.userClickOnLoginButton()
  And User should be logged in into Account                                       # tek.capstone.framework.steps.SignInSteps.userShouldBeLoggedInIntoAccount()
 INFO [main] (AccountPageSteps.java:24)- User click on account button
  Then User click on Account option                                               # tek.capstone.framework.steps.AccountPageSteps.userClickOnAccountOption()
  When User click on Edit option of card section                                  # tek.capstone.framework.steps.AccountPageSteps.userClickOnEditOptionOfCardSection()
 INFO [main] (AccountPageSteps.java:140)- User enter new information in edit card field
  And User edit information with below data                                       # tek.capstone.framework.steps.AccountPageSteps.userEditInformationWithBelowData(io.cucumber.datatable.DataTable)
    | CardNumber       | nameOnCard  | expirationMonth | expirationYear | securityCode |
    | 4546376457621544 | FarbodOmran | 5               | 2028           | 363          |
 INFO [main] (AccountPageSteps.java:146)- User click on update card button
  And User click on Update Your Card button                                       # tek.capstone.framework.steps.AccountPageSteps.userClickOnUpdateYourCardButton()
 INFO [main] (AccountPageSteps.java:81)- User successfully edited Debit or Credit Card information
  Then a massage should be displayed 'Payment Method updated Successfully'        # tek.capstone.framework.steps.AccountPageSteps.aMassageShouldBeDisplayed(java.lang.String)
]]></system-out>
    <system-err><![CDATA[Starting ChromeDriver 110.0.5481.77 (65ed616c6e8ee3fe0ad64fe83796c020644d42af-refs/branch-heads/5481@{#839}) on port 57546
Only local connections are allowed.
Please see https://chromedriver.chromium.org/security-considerations for suggestions on keeping ChromeDriver safe.
ChromeDriver was started successfully.
[1678064054.881][WARNING]: virtual void DevToolsClientImpl::AddListener(DevToolsEventListener *) subscribing a listener to the already connected DevToolsClient. Connection notification will not arrive.
Mar 05, 2023 7:54:14 PM org.openqa.selenium.remote.ProtocolHandshake createSession
INFO: Detected upstream dialect: W3C
Mar 05, 2023 7:54:14 PM org.openqa.selenium.devtools.CdpVersionFinder findNearestMatch
WARNING: Unable to find an exact match for CDP version 110, so returning the closest version found: a no-op implementation
Mar 05, 2023 7:54:14 PM org.openqa.selenium.devtools.CdpVersionFinder findNearestMatch
INFO: Unable to find CDP implementation matching 110.
Mar 05, 2023 7:54:14 PM org.openqa.selenium.chromium.ChromiumDriver lambda$new$3
WARNING: Unable to find version of CDP to use for . You may need to include a dependency on a specific version of the CDP using something similar to `org.seleniumhq.selenium:selenium-devtools-v86:4.4.0` where the version ("v86") matches the version of the chromium-based browser you're using and the version number of the artifact is the same as Selenium's.
]]></system-err>
  </testcase>
  <testcase name="Varify user can remove Debit or Credit card" classname="Retail Account Page" time="5.969">
    <system-out><![CDATA[
@completeTest
Scenario: Varify user can remove Debit or Credit card                             # features/Account.feature:40
 INFO [main] (RetailSteps.java:29)- user is on retail website
 INFO [main] (RetailSteps.java:30)- Actual Title React App Equals  ExpectedTitle React App
  Given User is on retail website                                                 # tek.capstone.framework.steps.RetailSteps.userIsOnRetailWebsite()
 INFO [main] (SignInSteps.java:21)- User click on Sign In Button
  When User click on Sign in option                                               # tek.capstone.framework.steps.SignInSteps.userClickOnSignInOption()
 INFO [main] (SignInSteps.java:32)- User enter email and password in sign in page
  And User enter email 'FARBOD.HASHEMI@TEKSCHOOL.US' and password 'Farbod@123456' # tek.capstone.framework.steps.SignInSteps.userEnterEmailAndPassword(java.lang.String,java.lang.String)
 INFO [main] (SignInSteps.java:38)- User click the log In Button
  And User click on login button                                                  # tek.capstone.framework.steps.SignInSteps.userClickOnLoginButton()
  And User should be logged in into Account                                       # tek.capstone.framework.steps.SignInSteps.userShouldBeLoggedInIntoAccount()
 INFO [main] (AccountPageSteps.java:24)- User click on account button
  Then User click on Account option                                               # tek.capstone.framework.steps.AccountPageSteps.userClickOnAccountOption()
 INFO [main] (AccountPageSteps.java:152)- User Click to remove the debit or credit card
  When User click on remove option                                                # tek.capstone.framework.steps.AccountPageSteps.userClickOnRemoveOption()
 INFO [main] (AccountPageSteps.java:158)- User clock on remove card button
  And User click on remove option of card section                                 # tek.capstone.framework.steps.AccountPageSteps.userClickOnRemoveOptionOfCardSection()
 INFO [main] (AccountPageSteps.java:164)- user remove the card successfully
  Then payment details should be removed                                          # tek.capstone.framework.steps.AccountPageSteps.paymentDetailsShouldBeRemoved()
]]></system-out>
    <system-err><![CDATA[Starting ChromeDriver 110.0.5481.77 (65ed616c6e8ee3fe0ad64fe83796c020644d42af-refs/branch-heads/5481@{#839}) on port 51286
Only local connections are allowed.
Please see https://chromedriver.chromium.org/security-considerations for suggestions on keeping ChromeDriver safe.
ChromeDriver was started successfully.
[1678064061.818][WARNING]: virtual void DevToolsClientImpl::AddListener(DevToolsEventListener *) subscribing a listener to the already connected DevToolsClient. Connection notification will not arrive.
Mar 05, 2023 7:54:21 PM org.openqa.selenium.remote.ProtocolHandshake createSession
INFO: Detected upstream dialect: W3C
Mar 05, 2023 7:54:21 PM org.openqa.selenium.devtools.CdpVersionFinder findNearestMatch
WARNING: Unable to find an exact match for CDP version 110, so returning the closest version found: a no-op implementation
Mar 05, 2023 7:54:21 PM org.openqa.selenium.devtools.CdpVersionFinder findNearestMatch
INFO: Unable to find CDP implementation matching 110.
Mar 05, 2023 7:54:21 PM org.openqa.selenium.chromium.ChromiumDriver lambda$new$3
WARNING: Unable to find version of CDP to use for . You may need to include a dependency on a specific version of the CDP using something similar to `org.seleniumhq.selenium:selenium-devtools-v86:4.4.0` where the version ("v86") matches the version of the chromium-based browser you're using and the version number of the artifact is the same as Selenium's.
]]></system-err>
  </testcase>
  <testcase name="Varify user can add an Address" classname="Retail Account Page" time="7.538">
    <system-out><![CDATA[
@completeTest
Scenario: Varify user can add an Address                                          # features/Account.feature:45
 INFO [main] (RetailSteps.java:29)- user is on retail website
 INFO [main] (RetailSteps.java:30)- Actual Title React App Equals  ExpectedTitle React App
  Given User is on retail website                                                 # tek.capstone.framework.steps.RetailSteps.userIsOnRetailWebsite()
 INFO [main] (SignInSteps.java:21)- User click on Sign In Button
  When User click on Sign in option                                               # tek.capstone.framework.steps.SignInSteps.userClickOnSignInOption()
 INFO [main] (SignInSteps.java:32)- User enter email and password in sign in page
  And User enter email 'FARBOD.HASHEMI@TEKSCHOOL.US' and password 'Farbod@123456' # tek.capstone.framework.steps.SignInSteps.userEnterEmailAndPassword(java.lang.String,java.lang.String)
 INFO [main] (SignInSteps.java:38)- User click the log In Button
  And User click on login button                                                  # tek.capstone.framework.steps.SignInSteps.userClickOnLoginButton()
  And User should be logged in into Account                                       # tek.capstone.framework.steps.SignInSteps.userShouldBeLoggedInIntoAccount()
 INFO [main] (AccountPageSteps.java:24)- User click on account button
  Then User click on Account option                                               # tek.capstone.framework.steps.AccountPageSteps.userClickOnAccountOption()
 INFO [main] (AccountPageSteps.java:171)- User click on add your address option
  When User click on Add address option                                           # tek.capstone.framework.steps.AccountPageSteps.userClickOnAddAddressOption()
 INFO [main] (AccountPageSteps.java:193)- user fill the address section based on faker class data
  And User fill new address form with belew information                           # tek.capstone.framework.steps.AccountPageSteps.userFillNewAddressFormWithBelewInformation(io.cucumber.datatable.DataTable)
    | country | fullName | PhoneNumber | StreetAddress | apt | city | state | zipCode |
 INFO [main] (AccountPageSteps.java:200)- User click on Add Your Address Button
  And User click Add Your Address button                                          # tek.capstone.framework.steps.AccountPageSteps.userClickAddYourAddressButton()
 INFO [main] (AccountPageSteps.java:85)- User successfully added address
  Then a massage should be displayed 'Address added successfully'                 # tek.capstone.framework.steps.AccountPageSteps.aMassageShouldBeDisplayed(java.lang.String)
]]></system-out>
    <system-err><![CDATA[Starting ChromeDriver 110.0.5481.77 (65ed616c6e8ee3fe0ad64fe83796c020644d42af-refs/branch-heads/5481@{#839}) on port 61652
Only local connections are allowed.
Please see https://chromedriver.chromium.org/security-considerations for suggestions on keeping ChromeDriver safe.
ChromeDriver was started successfully.
[1678064067.733][WARNING]: virtual void DevToolsClientImpl::AddListener(DevToolsEventListener *) subscribing a listener to the already connected DevToolsClient. Connection notification will not arrive.
Mar 05, 2023 7:54:27 PM org.openqa.selenium.remote.ProtocolHandshake createSession
INFO: Detected upstream dialect: W3C
Mar 05, 2023 7:54:27 PM org.openqa.selenium.devtools.CdpVersionFinder findNearestMatch
WARNING: Unable to find an exact match for CDP version 110, so returning the closest version found: a no-op implementation
Mar 05, 2023 7:54:27 PM org.openqa.selenium.devtools.CdpVersionFinder findNearestMatch
INFO: Unable to find CDP implementation matching 110.
Mar 05, 2023 7:54:27 PM org.openqa.selenium.chromium.ChromiumDriver lambda$new$3
WARNING: Unable to find version of CDP to use for . You may need to include a dependency on a specific version of the CDP using something similar to `org.seleniumhq.selenium:selenium-devtools-v86:4.4.0` where the version ("v86") matches the version of the chromium-based browser you're using and the version number of the artifact is the same as Selenium's.
]]></system-err>
  </testcase>
  <testcase name="Varify User can edit an Address added on account" classname="Retail Account Page" time="7.373">
    <system-out><![CDATA[
@completeTest
Scenario: Varify User can edit an Address added on account                        # features/Account.feature:52
 INFO [main] (RetailSteps.java:29)- user is on retail website
 INFO [main] (RetailSteps.java:30)- Actual Title React App Equals  ExpectedTitle React App
  Given User is on retail website                                                 # tek.capstone.framework.steps.RetailSteps.userIsOnRetailWebsite()
 INFO [main] (SignInSteps.java:21)- User click on Sign In Button
  When User click on Sign in option                                               # tek.capstone.framework.steps.SignInSteps.userClickOnSignInOption()
 INFO [main] (SignInSteps.java:32)- User enter email and password in sign in page
  And User enter email 'FARBOD.HASHEMI@TEKSCHOOL.US' and password 'Farbod@123456' # tek.capstone.framework.steps.SignInSteps.userEnterEmailAndPassword(java.lang.String,java.lang.String)
 INFO [main] (SignInSteps.java:38)- User click the log In Button
  And User click on login button                                                  # tek.capstone.framework.steps.SignInSteps.userClickOnLoginButton()
  And User should be logged in into Account                                       # tek.capstone.framework.steps.SignInSteps.userShouldBeLoggedInIntoAccount()
 INFO [main] (AccountPageSteps.java:24)- User click on account button
  Then User click on Account option                                               # tek.capstone.framework.steps.AccountPageSteps.userClickOnAccountOption()
 INFO [main] (AccountPageSteps.java:206)- User click to edit address
  When User click on edit address option                                          # tek.capstone.framework.steps.AccountPageSteps.userClickOnEditAddressOption()
 INFO [main] (AccountPageSteps.java:235)- User fill the new information for updating address
  And User fill new address form with below information                           # tek.capstone.framework.steps.AccountPageSteps.userFillNewAddressFormWithBelowInformation(io.cucumber.datatable.DataTable)
    | country | fullName | PhoneNumber | StreetAddress | apt | city | state | zipCode |
 INFO [main] (AccountPageSteps.java:241)- User click on update address button
  And User click update Your Address button                                       # tek.capstone.framework.steps.AccountPageSteps.userClickUpdateYourAddressButton()
 INFO [main] (AccountPageSteps.java:89)- User successfully updatet address
  Then a massage should be displayed 'Address Updatet Successfully'               # tek.capstone.framework.steps.AccountPageSteps.aMassageShouldBeDisplayed(java.lang.String)
]]></system-out>
    <system-err><![CDATA[Starting ChromeDriver 110.0.5481.77 (65ed616c6e8ee3fe0ad64fe83796c020644d42af-refs/branch-heads/5481@{#839}) on port 63064
Only local connections are allowed.
Please see https://chromedriver.chromium.org/security-considerations for suggestions on keeping ChromeDriver safe.
ChromeDriver was started successfully.
[1678064075.289][WARNING]: virtual void DevToolsClientImpl::AddListener(DevToolsEventListener *) subscribing a listener to the already connected DevToolsClient. Connection notification will not arrive.
Mar 05, 2023 7:54:35 PM org.openqa.selenium.remote.ProtocolHandshake createSession
INFO: Detected upstream dialect: W3C
Mar 05, 2023 7:54:35 PM org.openqa.selenium.devtools.CdpVersionFinder findNearestMatch
WARNING: Unable to find an exact match for CDP version 110, so returning the closest version found: a no-op implementation
Mar 05, 2023 7:54:35 PM org.openqa.selenium.devtools.CdpVersionFinder findNearestMatch
INFO: Unable to find CDP implementation matching 110.
Mar 05, 2023 7:54:35 PM org.openqa.selenium.chromium.ChromiumDriver lambda$new$3
WARNING: Unable to find version of CDP to use for . You may need to include a dependency on a specific version of the CDP using something similar to `org.seleniumhq.selenium:selenium-devtools-v86:4.4.0` where the version ("v86") matches the version of the chromium-based browser you're using and the version number of the artifact is the same as Selenium's.
]]></system-err>
  </testcase>
  <testcase name="Varify User can remove Address from Account" classname="Retail Account Page" time="4.508">
    <system-out><![CDATA[
@completeTest
Scenario: Varify User can remove Address from Account                             # features/Account.feature:59
 INFO [main] (RetailSteps.java:29)- user is on retail website
 INFO [main] (RetailSteps.java:30)- Actual Title React App Equals  ExpectedTitle React App
  Given User is on retail website                                                 # tek.capstone.framework.steps.RetailSteps.userIsOnRetailWebsite()
 INFO [main] (SignInSteps.java:21)- User click on Sign In Button
  When User click on Sign in option                                               # tek.capstone.framework.steps.SignInSteps.userClickOnSignInOption()
 INFO [main] (SignInSteps.java:32)- User enter email and password in sign in page
  And User enter email 'FARBOD.HASHEMI@TEKSCHOOL.US' and password 'Farbod@123456' # tek.capstone.framework.steps.SignInSteps.userEnterEmailAndPassword(java.lang.String,java.lang.String)
 INFO [main] (SignInSteps.java:38)- User click the log In Button
  And User click on login button                                                  # tek.capstone.framework.steps.SignInSteps.userClickOnLoginButton()
  And User should be logged in into Account                                       # tek.capstone.framework.steps.SignInSteps.userShouldBeLoggedInIntoAccount()
 INFO [main] (AccountPageSteps.java:24)- User click on account button
  Then User click on Account option                                               # tek.capstone.framework.steps.AccountPageSteps.userClickOnAccountOption()
 INFO [main] (AccountPageSteps.java:247)- User click on remove button on address field to remove address
  When User click on remove option of Address section                             # tek.capstone.framework.steps.AccountPageSteps.userClickOnRemoveOptionOfAddressSection()
 INFO [main] (AccountPageSteps.java:253)- User successfully remove address
  Then Address details should be removed                                          # tek.capstone.framework.steps.AccountPageSteps.addressDetailsShouldBeRemoved()
]]></system-out>
    <system-err><![CDATA[Starting ChromeDriver 110.0.5481.77 (65ed616c6e8ee3fe0ad64fe83796c020644d42af-refs/branch-heads/5481@{#839}) on port 54460
Only local connections are allowed.
Please see https://chromedriver.chromium.org/security-considerations for suggestions on keeping ChromeDriver safe.
ChromeDriver was started successfully.
[1678064082.572][WARNING]: virtual void DevToolsClientImpl::AddListener(DevToolsEventListener *) subscribing a listener to the already connected DevToolsClient. Connection notification will not arrive.
Mar 05, 2023 7:54:42 PM org.openqa.selenium.remote.ProtocolHandshake createSession
INFO: Detected upstream dialect: W3C
Mar 05, 2023 7:54:42 PM org.openqa.selenium.devtools.CdpVersionFinder findNearestMatch
WARNING: Unable to find an exact match for CDP version 110, so returning the closest version found: a no-op implementation
Mar 05, 2023 7:54:42 PM org.openqa.selenium.devtools.CdpVersionFinder findNearestMatch
INFO: Unable to find CDP implementation matching 110.
Mar 05, 2023 7:54:42 PM org.openqa.selenium.chromium.ChromiumDriver lambda$new$3
WARNING: Unable to find version of CDP to use for . You may need to include a dependency on a specific version of the CDP using something similar to `org.seleniumhq.selenium:selenium-devtools-v86:4.4.0` where the version ("v86") matches the version of the chromium-based browser you're using and the version number of the artifact is the same as Selenium's.
]]></system-err>
  </testcase>
  <testcase name="Verify User can cancel the order" classname="Retail Order Page" time="5.428">
    <system-out><![CDATA[
@completeTest
Scenario: Verify User can cancel the order                                        # features/Order.feature:13
 INFO [main] (RetailSteps.java:29)- user is on retail website
 INFO [main] (RetailSteps.java:30)- Actual Title React App Equals  ExpectedTitle React App
  Given User is on retail website                                                 # tek.capstone.framework.steps.RetailSteps.userIsOnRetailWebsite()
 INFO [main] (SignInSteps.java:21)- User click on Sign In Button
  When User click on Sign in option                                               # tek.capstone.framework.steps.SignInSteps.userClickOnSignInOption()
 INFO [main] (SignInSteps.java:32)- User enter email and password in sign in page
  And User enter email 'FARBOD.HASHEMI@TEKSCHOOL.US' and password 'Farbod@123456' # tek.capstone.framework.steps.SignInSteps.userEnterEmailAndPassword(java.lang.String,java.lang.String)
 INFO [main] (SignInSteps.java:38)- User click the log In Button
  And User click on login button                                                  # tek.capstone.framework.steps.SignInSteps.userClickOnLoginButton()
  And User should be logged in into Account                                       # tek.capstone.framework.steps.SignInSteps.userShouldBeLoggedInIntoAccount()
 INFO [main] (OrderSteps.java:17)- User clicked on order button
  And User click on Orders section                                                # tek.capstone.framework.steps.OrderSteps.userClickOnOrdersSection()
 INFO [main] (OrderSteps.java:25)- User clicked on first item
  And User click on first order in list                                           # tek.capstone.framework.steps.OrderSteps.userClickOnFirstOrderInList()
 INFO [main] (OrderSteps.java:32)- User clicked on cancel the order buttom
  And User click on Cancel The Order button                                       # tek.capstone.framework.steps.OrderSteps.userClickOnCancelTheOrderButton()
 INFO [main] (OrderSteps.java:39)- User select the return reson
  And User select the cancelation Reason 'Bought wrong item'                      # tek.capstone.framework.steps.OrderSteps.userSelectTheCancelationReason(java.lang.String)
 INFO [main] (OrderSteps.java:46)- User clicked on cancel order button
  And User click on Cancel Order button                                           # tek.capstone.framework.steps.OrderSteps.userClickOnCancelOrderButton()
 INFO [main] (OrderSteps.java:54)- User successfully canceled the order and get the cancelation massage
  Then a cancelation message should be displayed 'Your Order Has Been Cancelled'  # tek.capstone.framework.steps.OrderSteps.aCancelationMessageShouldBeDisplayed(java.lang.String)
]]></system-out>
    <system-err><![CDATA[Starting ChromeDriver 110.0.5481.77 (65ed616c6e8ee3fe0ad64fe83796c020644d42af-refs/branch-heads/5481@{#839}) on port 52244
Only local connections are allowed.
Please see https://chromedriver.chromium.org/security-considerations for suggestions on keeping ChromeDriver safe.
ChromeDriver was started successfully.
[1678064087.064][WARNING]: virtual void DevToolsClientImpl::AddListener(DevToolsEventListener *) subscribing a listener to the already connected DevToolsClient. Connection notification will not arrive.
Mar 05, 2023 7:54:47 PM org.openqa.selenium.remote.ProtocolHandshake createSession
INFO: Detected upstream dialect: W3C
Mar 05, 2023 7:54:47 PM org.openqa.selenium.devtools.CdpVersionFinder findNearestMatch
WARNING: Unable to find an exact match for CDP version 110, so returning the closest version found: a no-op implementation
Mar 05, 2023 7:54:47 PM org.openqa.selenium.devtools.CdpVersionFinder findNearestMatch
INFO: Unable to find CDP implementation matching 110.
Mar 05, 2023 7:54:47 PM org.openqa.selenium.chromium.ChromiumDriver lambda$new$3
WARNING: Unable to find version of CDP to use for . You may need to include a dependency on a specific version of the CDP using something similar to `org.seleniumhq.selenium:selenium-devtools-v86:4.4.0` where the version ("v86") matches the version of the chromium-based browser you're using and the version number of the artifact is the same as Selenium's.
]]></system-err>
  </testcase>
  <testcase name="Verify User can Return the order" classname="Retail Order Page" time="5.449">
    <system-out><![CDATA[
@completeTest
Scenario: Verify User can Return the order                                        # features/Order.feature:19
 INFO [main] (RetailSteps.java:29)- user is on retail website
 INFO [main] (RetailSteps.java:30)- Actual Title React App Equals  ExpectedTitle React App
  Given User is on retail website                                                 # tek.capstone.framework.steps.RetailSteps.userIsOnRetailWebsite()
 INFO [main] (SignInSteps.java:21)- User click on Sign In Button
  When User click on Sign in option                                               # tek.capstone.framework.steps.SignInSteps.userClickOnSignInOption()
 INFO [main] (SignInSteps.java:32)- User enter email and password in sign in page
  And User enter email 'FARBOD.HASHEMI@TEKSCHOOL.US' and password 'Farbod@123456' # tek.capstone.framework.steps.SignInSteps.userEnterEmailAndPassword(java.lang.String,java.lang.String)
 INFO [main] (SignInSteps.java:38)- User click the log In Button
  And User click on login button                                                  # tek.capstone.framework.steps.SignInSteps.userClickOnLoginButton()
  And User should be logged in into Account                                       # tek.capstone.framework.steps.SignInSteps.userShouldBeLoggedInIntoAccount()
 INFO [main] (OrderSteps.java:17)- User clicked on order button
  And User click on Orders section                                                # tek.capstone.framework.steps.OrderSteps.userClickOnOrdersSection()
 INFO [main] (OrderSteps.java:25)- User clicked on first item
  And User click on first order in list                                           # tek.capstone.framework.steps.OrderSteps.userClickOnFirstOrderInList()
 INFO [main] (OrderSteps.java:66)- User clicked on return order button
  And User click on Return Items button                                           # tek.capstone.framework.steps.OrderSteps.userClickOnReturnItemsButton()
 INFO [main] (OrderSteps.java:73)- User select the return reson
  And User select the Return Reason 'Item damaged'                                # tek.capstone.framework.steps.OrderSteps.userSelectTheReturnReason(java.lang.String)
 INFO [main] (OrderSteps.java:80)- User select the droppOff location
  And User select the drop off service 'FedEx'                                    # tek.capstone.framework.steps.OrderSteps.userSelectTheDropOffService(java.lang.String)
 INFO [main] (OrderSteps.java:86)- User clicked on return order button
  And User click on Return Order button                                           # tek.capstone.framework.steps.OrderSteps.userClickOnReturnOrderButton()
 INFO [main] (OrderSteps.java:57)- User successfully return the order and get the return massage
  Then a cancelation message should be displayed 'Return was successfull'         # tek.capstone.framework.steps.OrderSteps.aCancelationMessageShouldBeDisplayed(java.lang.String)
]]></system-out>
    <system-err><![CDATA[Starting ChromeDriver 110.0.5481.77 (65ed616c6e8ee3fe0ad64fe83796c020644d42af-refs/branch-heads/5481@{#839}) on port 52835
Only local connections are allowed.
Please see https://chromedriver.chromium.org/security-considerations for suggestions on keeping ChromeDriver safe.
ChromeDriver was started successfully.
[1678064092.570][WARNING]: virtual void DevToolsClientImpl::AddListener(DevToolsEventListener *) subscribing a listener to the already connected DevToolsClient. Connection notification will not arrive.
Mar 05, 2023 7:54:52 PM org.openqa.selenium.remote.ProtocolHandshake createSession
INFO: Detected upstream dialect: W3C
Mar 05, 2023 7:54:52 PM org.openqa.selenium.devtools.CdpVersionFinder findNearestMatch
WARNING: Unable to find an exact match for CDP version 110, so returning the closest version found: a no-op implementation
Mar 05, 2023 7:54:52 PM org.openqa.selenium.devtools.CdpVersionFinder findNearestMatch
INFO: Unable to find CDP implementation matching 110.
Mar 05, 2023 7:54:52 PM org.openqa.selenium.chromium.ChromiumDriver lambda$new$3
WARNING: Unable to find version of CDP to use for . You may need to include a dependency on a specific version of the CDP using something similar to `org.seleniumhq.selenium:selenium-devtools-v86:4.4.0` where the version ("v86") matches the version of the chromium-based browser you're using and the version number of the artifact is the same as Selenium's.
]]></system-err>
  </testcase>
  <testcase name="Verify User can write a review on order placed" classname="Retail Order Page" time="6.535">
    <system-out><![CDATA[
@completeTest
Scenario: Verify User can write a review on order placed                          # features/Order.feature:27
 INFO [main] (RetailSteps.java:29)- user is on retail website
 INFO [main] (RetailSteps.java:30)- Actual Title React App Equals  ExpectedTitle React App
  Given User is on retail website                                                 # tek.capstone.framework.steps.RetailSteps.userIsOnRetailWebsite()
 INFO [main] (SignInSteps.java:21)- User click on Sign In Button
  When User click on Sign in option                                               # tek.capstone.framework.steps.SignInSteps.userClickOnSignInOption()
 INFO [main] (SignInSteps.java:32)- User enter email and password in sign in page
  And User enter email 'FARBOD.HASHEMI@TEKSCHOOL.US' and password 'Farbod@123456' # tek.capstone.framework.steps.SignInSteps.userEnterEmailAndPassword(java.lang.String,java.lang.String)
 INFO [main] (SignInSteps.java:38)- User click the log In Button
  And User click on login button                                                  # tek.capstone.framework.steps.SignInSteps.userClickOnLoginButton()
  And User should be logged in into Account                                       # tek.capstone.framework.steps.SignInSteps.userShouldBeLoggedInIntoAccount()
 INFO [main] (OrderSteps.java:17)- User clicked on order button
  And User click on Orders section                                                # tek.capstone.framework.steps.OrderSteps.userClickOnOrdersSection()
 INFO [main] (OrderSteps.java:25)- User clicked on first item
  And User click on first order in list                                           # tek.capstone.framework.steps.OrderSteps.userClickOnFirstOrderInList()
 INFO [main] (OrderSteps.java:93)- Userclicked on review button
  And User click on Review button                                                 # tek.capstone.framework.steps.OrderSteps.userClickOnReviewButton()
 INFO [main] (OrderSteps.java:101)- User write a review
  And User write Review headline 'headline value' and 'review text'               # tek.capstone.framework.steps.OrderSteps.userWriteReviewHeadline(java.lang.String,java.lang.String)
 INFO [main] (OrderSteps.java:108)- User clicked on add review button
  And User click Add your Review button                                           # tek.capstone.framework.steps.OrderSteps.userClickAddYourReviewButton()
 INFO [main] (OrderSteps.java:116)- User successfully add review and get the confirmation massage
  Then a review message should be displayed 'Your review was added successfully'  # tek.capstone.framework.steps.OrderSteps.aReviewMessageShouldBeDisplayed(java.lang.String)
]]></system-out>
    <system-err><![CDATA[Starting ChromeDriver 110.0.5481.77 (65ed616c6e8ee3fe0ad64fe83796c020644d42af-refs/branch-heads/5481@{#839}) on port 51888
Only local connections are allowed.
Please see https://chromedriver.chromium.org/security-considerations for suggestions on keeping ChromeDriver safe.
ChromeDriver was started successfully.
[1678064097.902][WARNING]: virtual void DevToolsClientImpl::AddListener(DevToolsEventListener *) subscribing a listener to the already connected DevToolsClient. Connection notification will not arrive.
Mar 05, 2023 7:54:57 PM org.openqa.selenium.remote.ProtocolHandshake createSession
INFO: Detected upstream dialect: W3C
Mar 05, 2023 7:54:57 PM org.openqa.selenium.devtools.CdpVersionFinder findNearestMatch
WARNING: Unable to find an exact match for CDP version 110, so returning the closest version found: a no-op implementation
Mar 05, 2023 7:54:57 PM org.openqa.selenium.devtools.CdpVersionFinder findNearestMatch
INFO: Unable to find CDP implementation matching 110.
Mar 05, 2023 7:54:57 PM org.openqa.selenium.chromium.ChromiumDriver lambda$new$3
WARNING: Unable to find version of CDP to use for . You may need to include a dependency on a specific version of the CDP using something similar to `org.seleniumhq.selenium:selenium-devtools-v86:4.4.0` where the version ("v86") matches the version of the chromium-based browser you're using and the version number of the artifact is the same as Selenium's.
]]></system-err>
  </testcase>
  <testcase name="Verify Shop by Department sidbar" classname="This feature is use for testing UI of Retail page" time="3.125">
    <system-out><![CDATA[
@completeTest
Scenario: Verify Shop by Department sidbar                   # features/Retail.feature:7
 INFO [main] (RetailSteps.java:29)- user is on retail website
 INFO [main] (RetailSteps.java:30)- Actual Title React App Equals  ExpectedTitle React App
  Given User is on retail website                            # tek.capstone.framework.steps.RetailSteps.userIsOnRetailWebsite()
 INFO [main] (RetailSteps.java:44)- User click on all sidebar button
  When User click on All Section                             # tek.capstone.framework.steps.RetailSteps.userClickOnAllSection()
 INFO [main] (RetailSteps.java:54)- Electronics is equal to Electronics
 INFO [main] (RetailSteps.java:54)- Computers is equal to Computers
 INFO [main] (RetailSteps.java:54)- Smart Home is equal to Smart Home
 INFO [main] (RetailSteps.java:54)- Sports is equal to Sports
 INFO [main] (RetailSteps.java:54)- Automative is equal to Automative
  Then blew option are present in Shop by Department sidebar # tek.capstone.framework.steps.RetailSteps.blewOptionArePresentInShopByDepartmentSidebar(io.cucumber.datatable.DataTable)
    | Electronics | Computers | Smart Home | Sports | Automative |
]]></system-out>
    <system-err><![CDATA[Starting ChromeDriver 110.0.5481.77 (65ed616c6e8ee3fe0ad64fe83796c020644d42af-refs/branch-heads/5481@{#839}) on port 52299
Only local connections are allowed.
Please see https://chromedriver.chromium.org/security-considerations for suggestions on keeping ChromeDriver safe.
ChromeDriver was started successfully.
[1678064104.587][WARNING]: virtual void DevToolsClientImpl::AddListener(DevToolsEventListener *) subscribing a listener to the already connected DevToolsClient. Connection notification will not arrive.
Mar 05, 2023 7:55:04 PM org.openqa.selenium.remote.ProtocolHandshake createSession
INFO: Detected upstream dialect: W3C
Mar 05, 2023 7:55:04 PM org.openqa.selenium.devtools.CdpVersionFinder findNearestMatch
WARNING: Unable to find an exact match for CDP version 110, so returning the closest version found: a no-op implementation
Mar 05, 2023 7:55:04 PM org.openqa.selenium.devtools.CdpVersionFinder findNearestMatch
INFO: Unable to find CDP implementation matching 110.
Mar 05, 2023 7:55:04 PM org.openqa.selenium.chromium.ChromiumDriver lambda$new$3
WARNING: Unable to find version of CDP to use for . You may need to include a dependency on a specific version of the CDP using something similar to `org.seleniumhq.selenium:selenium-devtools-v86:4.4.0` where the version ("v86") matches the version of the chromium-based browser you're using and the version number of the artifact is the same as Selenium's.
]]></system-err>
  </testcase>
  <testcase name="Varify department sidebar options #1" classname="This feature is use for testing UI of Retail page" time="3.266">
    <system-out><![CDATA[
@completeTest
Scenario Outline: Varify department sidebar options # features/Retail.feature:20
 INFO [main] (RetailSteps.java:29)- user is on retail website
 INFO [main] (RetailSteps.java:30)- Actual Title React App Equals  ExpectedTitle React App
  Given User is on retail website                   # tek.capstone.framework.steps.RetailSteps.userIsOnRetailWebsite()
 INFO [main] (RetailSteps.java:44)- User click on all sidebar button
  When User click on All Section                    # tek.capstone.framework.steps.RetailSteps.userClickOnAllSection()
  And User on 'Electronics'                         # tek.capstone.framework.steps.RetailSteps.userOn(java.lang.String)
 INFO [main] (RetailSteps.java:85)- TV & Video is present
 INFO [main] (RetailSteps.java:85)- Video Games is present
  Then below options are present in department      # tek.capstone.framework.steps.RetailSteps.belowOptionsArePresentInDepartment(io.cucumber.datatable.DataTable)
    | TV & Video | Video Games |
]]></system-out>
    <system-err><![CDATA[Starting ChromeDriver 110.0.5481.77 (65ed616c6e8ee3fe0ad64fe83796c020644d42af-refs/branch-heads/5481@{#839}) on port 50878
Only local connections are allowed.
Please see https://chromedriver.chromium.org/security-considerations for suggestions on keeping ChromeDriver safe.
ChromeDriver was started successfully.
[1678064107.664][WARNING]: virtual void DevToolsClientImpl::AddListener(DevToolsEventListener *) subscribing a listener to the already connected DevToolsClient. Connection notification will not arrive.
Mar 05, 2023 7:55:07 PM org.openqa.selenium.remote.ProtocolHandshake createSession
INFO: Detected upstream dialect: W3C
Mar 05, 2023 7:55:07 PM org.openqa.selenium.devtools.CdpVersionFinder findNearestMatch
WARNING: Unable to find an exact match for CDP version 110, so returning the closest version found: a no-op implementation
Mar 05, 2023 7:55:07 PM org.openqa.selenium.devtools.CdpVersionFinder findNearestMatch
INFO: Unable to find CDP implementation matching 110.
Mar 05, 2023 7:55:07 PM org.openqa.selenium.chromium.ChromiumDriver lambda$new$3
WARNING: Unable to find version of CDP to use for . You may need to include a dependency on a specific version of the CDP using something similar to `org.seleniumhq.selenium:selenium-devtools-v86:4.4.0` where the version ("v86") matches the version of the chromium-based browser you're using and the version number of the artifact is the same as Selenium's.
]]></system-err>
  </testcase>
  <testcase name="Varify department sidebar options #2" classname="This feature is use for testing UI of Retail page" time="3.139">
    <system-out><![CDATA[
@completeTest
Scenario Outline: Varify department sidebar options # features/Retail.feature:21
 INFO [main] (RetailSteps.java:29)- user is on retail website
 INFO [main] (RetailSteps.java:30)- Actual Title React App Equals  ExpectedTitle React App
  Given User is on retail website                   # tek.capstone.framework.steps.RetailSteps.userIsOnRetailWebsite()
 INFO [main] (RetailSteps.java:44)- User click on all sidebar button
  When User click on All Section                    # tek.capstone.framework.steps.RetailSteps.userClickOnAllSection()
  And User on 'Computers'                           # tek.capstone.framework.steps.RetailSteps.userOn(java.lang.String)
 INFO [main] (RetailSteps.java:85)- Accessories is present
 INFO [main] (RetailSteps.java:85)- Networking is present
  Then below options are present in department      # tek.capstone.framework.steps.RetailSteps.belowOptionsArePresentInDepartment(io.cucumber.datatable.DataTable)
    | Accessories | Networking |
]]></system-out>
    <system-err><![CDATA[Starting ChromeDriver 110.0.5481.77 (65ed616c6e8ee3fe0ad64fe83796c020644d42af-refs/branch-heads/5481@{#839}) on port 51720
Only local connections are allowed.
Please see https://chromedriver.chromium.org/security-considerations for suggestions on keeping ChromeDriver safe.
ChromeDriver was started successfully.
[1678064110.947][WARNING]: virtual void DevToolsClientImpl::AddListener(DevToolsEventListener *) subscribing a listener to the already connected DevToolsClient. Connection notification will not arrive.
Mar 05, 2023 7:55:10 PM org.openqa.selenium.remote.ProtocolHandshake createSession
INFO: Detected upstream dialect: W3C
Mar 05, 2023 7:55:11 PM org.openqa.selenium.devtools.CdpVersionFinder findNearestMatch
WARNING: Unable to find an exact match for CDP version 110, so returning the closest version found: a no-op implementation
Mar 05, 2023 7:55:11 PM org.openqa.selenium.devtools.CdpVersionFinder findNearestMatch
INFO: Unable to find CDP implementation matching 110.
Mar 05, 2023 7:55:11 PM org.openqa.selenium.chromium.ChromiumDriver lambda$new$3
WARNING: Unable to find version of CDP to use for . You may need to include a dependency on a specific version of the CDP using something similar to `org.seleniumhq.selenium:selenium-devtools-v86:4.4.0` where the version ("v86") matches the version of the chromium-based browser you're using and the version number of the artifact is the same as Selenium's.
]]></system-err>
  </testcase>
  <testcase name="Varify department sidebar options #3" classname="This feature is use for testing UI of Retail page" time="3.236">
    <system-out><![CDATA[
@completeTest
Scenario Outline: Varify department sidebar options # features/Retail.feature:22
 INFO [main] (RetailSteps.java:29)- user is on retail website
 INFO [main] (RetailSteps.java:30)- Actual Title React App Equals  ExpectedTitle React App
  Given User is on retail website                   # tek.capstone.framework.steps.RetailSteps.userIsOnRetailWebsite()
 INFO [main] (RetailSteps.java:44)- User click on all sidebar button
  When User click on All Section                    # tek.capstone.framework.steps.RetailSteps.userClickOnAllSection()
  And User on 'Smart Home'                          # tek.capstone.framework.steps.RetailSteps.userOn(java.lang.String)
 INFO [main] (RetailSteps.java:85)- Smart Home Lightning is present
 INFO [main] (RetailSteps.java:85)- Plugs and Outlets is present
  Then below options are present in department      # tek.capstone.framework.steps.RetailSteps.belowOptionsArePresentInDepartment(io.cucumber.datatable.DataTable)
    | Smart Home Lightning | Plugs and Outlets |
]]></system-out>
    <system-err><![CDATA[Starting ChromeDriver 110.0.5481.77 (65ed616c6e8ee3fe0ad64fe83796c020644d42af-refs/branch-heads/5481@{#839}) on port 51308
Only local connections are allowed.
Please see https://chromedriver.chromium.org/security-considerations for suggestions on keeping ChromeDriver safe.
ChromeDriver was started successfully.
[1678064114.081][WARNING]: virtual void DevToolsClientImpl::AddListener(DevToolsEventListener *) subscribing a listener to the already connected DevToolsClient. Connection notification will not arrive.
Mar 05, 2023 7:55:14 PM org.openqa.selenium.remote.ProtocolHandshake createSession
INFO: Detected upstream dialect: W3C
Mar 05, 2023 7:55:14 PM org.openqa.selenium.devtools.CdpVersionFinder findNearestMatch
WARNING: Unable to find an exact match for CDP version 110, so returning the closest version found: a no-op implementation
Mar 05, 2023 7:55:14 PM org.openqa.selenium.devtools.CdpVersionFinder findNearestMatch
INFO: Unable to find CDP implementation matching 110.
Mar 05, 2023 7:55:14 PM org.openqa.selenium.chromium.ChromiumDriver lambda$new$3
WARNING: Unable to find version of CDP to use for . You may need to include a dependency on a specific version of the CDP using something similar to `org.seleniumhq.selenium:selenium-devtools-v86:4.4.0` where the version ("v86") matches the version of the chromium-based browser you're using and the version number of the artifact is the same as Selenium's.
]]></system-err>
  </testcase>
  <testcase name="Varify department sidebar options #4" classname="This feature is use for testing UI of Retail page" time="3.155">
    <system-out><![CDATA[
@completeTest
Scenario Outline: Varify department sidebar options # features/Retail.feature:23
 INFO [main] (RetailSteps.java:29)- user is on retail website
 INFO [main] (RetailSteps.java:30)- Actual Title React App Equals  ExpectedTitle React App
  Given User is on retail website                   # tek.capstone.framework.steps.RetailSteps.userIsOnRetailWebsite()
 INFO [main] (RetailSteps.java:44)- User click on all sidebar button
  When User click on All Section                    # tek.capstone.framework.steps.RetailSteps.userClickOnAllSection()
  And User on 'Sports'                              # tek.capstone.framework.steps.RetailSteps.userOn(java.lang.String)
 INFO [main] (RetailSteps.java:85)- Athletic Clothing is present
 INFO [main] (RetailSteps.java:85)- Exercise & Fitness is present
  Then below options are present in department      # tek.capstone.framework.steps.RetailSteps.belowOptionsArePresentInDepartment(io.cucumber.datatable.DataTable)
    | Athletic Clothing | Exercise & Fitness |
]]></system-out>
    <system-err><![CDATA[Starting ChromeDriver 110.0.5481.77 (65ed616c6e8ee3fe0ad64fe83796c020644d42af-refs/branch-heads/5481@{#839}) on port 54143
Only local connections are allowed.
Please see https://chromedriver.chromium.org/security-considerations for suggestions on keeping ChromeDriver safe.
ChromeDriver was started successfully.
[1678064117.295][WARNING]: virtual void DevToolsClientImpl::AddListener(DevToolsEventListener *) subscribing a listener to the already connected DevToolsClient. Connection notification will not arrive.
Mar 05, 2023 7:55:17 PM org.openqa.selenium.remote.ProtocolHandshake createSession
INFO: Detected upstream dialect: W3C
Mar 05, 2023 7:55:17 PM org.openqa.selenium.devtools.CdpVersionFinder findNearestMatch
WARNING: Unable to find an exact match for CDP version 110, so returning the closest version found: a no-op implementation
Mar 05, 2023 7:55:17 PM org.openqa.selenium.devtools.CdpVersionFinder findNearestMatch
INFO: Unable to find CDP implementation matching 110.
Mar 05, 2023 7:55:17 PM org.openqa.selenium.chromium.ChromiumDriver lambda$new$3
WARNING: Unable to find version of CDP to use for . You may need to include a dependency on a specific version of the CDP using something similar to `org.seleniumhq.selenium:selenium-devtools-v86:4.4.0` where the version ("v86") matches the version of the chromium-based browser you're using and the version number of the artifact is the same as Selenium's.
]]></system-err>
  </testcase>
  <testcase name="Varify department sidebar options #5" classname="This feature is use for testing UI of Retail page" time="3.012">
    <system-out><![CDATA[
@completeTest
Scenario Outline: Varify department sidebar options # features/Retail.feature:24
 INFO [main] (RetailSteps.java:29)- user is on retail website
 INFO [main] (RetailSteps.java:30)- Actual Title React App Equals  ExpectedTitle React App
  Given User is on retail website                   # tek.capstone.framework.steps.RetailSteps.userIsOnRetailWebsite()
 INFO [main] (RetailSteps.java:44)- User click on all sidebar button
  When User click on All Section                    # tek.capstone.framework.steps.RetailSteps.userClickOnAllSection()
  And User on 'Automotive'                          # tek.capstone.framework.steps.RetailSteps.userOn(java.lang.String)
  Then below options are present in department      # tek.capstone.framework.steps.RetailSteps.belowOptionsArePresentInDepartment(io.cucumber.datatable.DataTable)
    | Automotive Parts & Accessories | MotorCycle & Powersport |
]]></system-out>
    <system-err><![CDATA[Starting ChromeDriver 110.0.5481.77 (65ed616c6e8ee3fe0ad64fe83796c020644d42af-refs/branch-heads/5481@{#839}) on port 61003
Only local connections are allowed.
Please see https://chromedriver.chromium.org/security-considerations for suggestions on keeping ChromeDriver safe.
ChromeDriver was started successfully.
[1678064120.394][WARNING]: virtual void DevToolsClientImpl::AddListener(DevToolsEventListener *) subscribing a listener to the already connected DevToolsClient. Connection notification will not arrive.
Mar 05, 2023 7:55:20 PM org.openqa.selenium.remote.ProtocolHandshake createSession
INFO: Detected upstream dialect: W3C
Mar 05, 2023 7:55:20 PM org.openqa.selenium.devtools.CdpVersionFinder findNearestMatch
WARNING: Unable to find an exact match for CDP version 110, so returning the closest version found: a no-op implementation
Mar 05, 2023 7:55:20 PM org.openqa.selenium.devtools.CdpVersionFinder findNearestMatch
INFO: Unable to find CDP implementation matching 110.
Mar 05, 2023 7:55:20 PM org.openqa.selenium.chromium.ChromiumDriver lambda$new$3
WARNING: Unable to find version of CDP to use for . You may need to include a dependency on a specific version of the CDP using something similar to `org.seleniumhq.selenium:selenium-devtools-v86:4.4.0` where the version ("v86") matches the version of the chromium-based browser you're using and the version number of the artifact is the same as Selenium's.
]]></system-err>
  </testcase>
  <testcase name="Varify User can add an item to cart" classname="This feature is use for testing UI of Retail page" time="5.331">
    <system-out><![CDATA[
@completeTest
Scenario: Varify User can add an item to cart                                     # features/Retail.feature:26
 INFO [main] (RetailSteps.java:29)- user is on retail website
 INFO [main] (RetailSteps.java:30)- Actual Title React App Equals  ExpectedTitle React App
  Given User is on retail website                                                 # tek.capstone.framework.steps.RetailSteps.userIsOnRetailWebsite()
 INFO [main] (SignInSteps.java:21)- User click on Sign In Button
  When User click on Sign in option                                               # tek.capstone.framework.steps.SignInSteps.userClickOnSignInOption()
 INFO [main] (SignInSteps.java:32)- User enter email and password in sign in page
  And User enter email 'FARBOD.HASHEMI@TEKSCHOOL.US' and password 'Farbod@123456' # tek.capstone.framework.steps.SignInSteps.userEnterEmailAndPassword(java.lang.String,java.lang.String)
 INFO [main] (SignInSteps.java:38)- User click the log In Button
  And User click on login button                                                  # tek.capstone.framework.steps.SignInSteps.userClickOnLoginButton()
  And User should be logged in into Account                                       # tek.capstone.framework.steps.SignInSteps.userShouldBeLoggedInIntoAccount()
 INFO [main] (RetailSteps.java:94)- User change category to Smart Home
  And User change the category to 'Smart Home'                                    # tek.capstone.framework.steps.RetailSteps.userChangeTheCategoryTo(java.lang.String)
 INFO [main] (RetailSteps.java:101)- User search for specific product
  And User search for an item 'kasa outdoor smart plug'                           # tek.capstone.framework.steps.RetailSteps.userSearchForAnItem(java.lang.String)
 INFO [main] (RetailSteps.java:107)- User cclick on search button
  And User click on search icon                                                   # tek.capstone.framework.steps.RetailSteps.userClickOnSearchIcon()
  And User click on item                                                          # tek.capstone.framework.steps.RetailSteps.userClickOnItem()
 INFO [main] (RetailSteps.java:120)- User change the quantity of product
  And User select quantity '2'                                                    # tek.capstone.framework.steps.RetailSteps.userSelectQuantity(java.lang.String)
 INFO [main] (RetailSteps.java:127)- User clicked on add to cart button
  And User click add to Cart button                                               # tek.capstone.framework.steps.RetailSteps.userClickAddToCartButton()
 INFO [main] (RetailSteps.java:135)- User successfully add 2 product into cart
  Then the cart icon quantity should change to '2'                                # tek.capstone.framework.steps.RetailSteps.theCartIconQuantityShouldChangeTo(java.lang.String)
]]></system-out>
    <system-err><![CDATA[Starting ChromeDriver 110.0.5481.77 (65ed616c6e8ee3fe0ad64fe83796c020644d42af-refs/branch-heads/5481@{#839}) on port 51628
Only local connections are allowed.
Please see https://chromedriver.chromium.org/security-considerations for suggestions on keeping ChromeDriver safe.
ChromeDriver was started successfully.
[1678064123.488][WARNING]: virtual void DevToolsClientImpl::AddListener(DevToolsEventListener *) subscribing a listener to the already connected DevToolsClient. Connection notification will not arrive.
Mar 05, 2023 7:55:23 PM org.openqa.selenium.remote.ProtocolHandshake createSession
INFO: Detected upstream dialect: W3C
Mar 05, 2023 7:55:23 PM org.openqa.selenium.devtools.CdpVersionFinder findNearestMatch
WARNING: Unable to find an exact match for CDP version 110, so returning the closest version found: a no-op implementation
Mar 05, 2023 7:55:23 PM org.openqa.selenium.devtools.CdpVersionFinder findNearestMatch
INFO: Unable to find CDP implementation matching 110.
Mar 05, 2023 7:55:23 PM org.openqa.selenium.chromium.ChromiumDriver lambda$new$3
WARNING: Unable to find version of CDP to use for . You may need to include a dependency on a specific version of the CDP using something similar to `org.seleniumhq.selenium:selenium-devtools-v86:4.4.0` where the version ("v86") matches the version of the chromium-based browser you're using and the version number of the artifact is the same as Selenium's.
]]></system-err>
  </testcase>
  <testcase name="Verify User can place an order without Shipping address and payment Method on file" classname="This feature is use for testing UI of Retail page" time="9.262">
    <system-out><![CDATA[
@completeTest
Scenario: Verify User can place an order without Shipping address and payment Method on file # features/Retail.feature:39
 INFO [main] (RetailSteps.java:29)- user is on retail website
 INFO [main] (RetailSteps.java:30)- Actual Title React App Equals  ExpectedTitle React App
  Given User is on retail website                                                            # tek.capstone.framework.steps.RetailSteps.userIsOnRetailWebsite()
 INFO [main] (SignInSteps.java:21)- User click on Sign In Button
  When User click on Sign in option                                                          # tek.capstone.framework.steps.SignInSteps.userClickOnSignInOption()
 INFO [main] (SignInSteps.java:32)- User enter email and password in sign in page
  And User enter email 'FARBOD.HASHEMI@TEKSCHOOL.US' and password 'Farbod@123456'            # tek.capstone.framework.steps.SignInSteps.userEnterEmailAndPassword(java.lang.String,java.lang.String)
 INFO [main] (SignInSteps.java:38)- User click the log In Button
  And User click on login button                                                             # tek.capstone.framework.steps.SignInSteps.userClickOnLoginButton()
  And User should be logged in into Account                                                  # tek.capstone.framework.steps.SignInSteps.userShouldBeLoggedInIntoAccount()
 INFO [main] (RetailSteps.java:94)- User change category to Smart Home
  And User change the category to 'Smart Home'                                               # tek.capstone.framework.steps.RetailSteps.userChangeTheCategoryTo(java.lang.String)
 INFO [main] (RetailSteps.java:101)- User search for specific product
  And User search for an item 'kasa outdoor smart plug'                                      # tek.capstone.framework.steps.RetailSteps.userSearchForAnItem(java.lang.String)
 INFO [main] (RetailSteps.java:107)- User cclick on search button
  And User click on search icon                                                              # tek.capstone.framework.steps.RetailSteps.userClickOnSearchIcon()
  And User click on item                                                                     # tek.capstone.framework.steps.RetailSteps.userClickOnItem()
 INFO [main] (RetailSteps.java:120)- User change the quantity of product
  And User select quantity '2'                                                               # tek.capstone.framework.steps.RetailSteps.userSelectQuantity(java.lang.String)
 INFO [main] (RetailSteps.java:127)- User clicked on add to cart button
  And User click add to Cart button                                                          # tek.capstone.framework.steps.RetailSteps.userClickAddToCartButton()
  Then the cart icon quantity should change to '4'                                           # tek.capstone.framework.steps.RetailSteps.theCartIconQuantityShouldChangeTo(java.lang.String)
 INFO [main] (RetailSteps.java:146)- User clicked on Cart Button
  And User click on Cart option                                                              # tek.capstone.framework.steps.RetailSteps.userClickOnCartOption()
 INFO [main] (RetailSteps.java:152)- User clicked on Proceed to Checkout button
  And User click on Proceed to Checkout button                                               # tek.capstone.framework.steps.RetailSteps.userClickOnProceedToCheckoutButton()
 INFO [main] (RetailSteps.java:158)- User clicked on Add New Address Button
  And User click Add a new address link for shipping address                                 # tek.capstone.framework.steps.RetailSteps.userClickAddANewAddressLinkForShippingAddress()
 INFO [main] (AccountPageSteps.java:235)- User fill the new information for updating address
  And User fill new address form with below information                                      # tek.capstone.framework.steps.AccountPageSteps.userFillNewAddressFormWithBelowInformation(io.cucumber.datatable.DataTable)
    | country | fullName | PhoneNumber | StreetAddress | apt | city | state | zipCode |
 INFO [main] (AccountPageSteps.java:200)- User click on Add Your Address Button
  And User click Add Your Address button                                                     # tek.capstone.framework.steps.AccountPageSteps.userClickAddYourAddressButton()
  And User click Add a credit card or Debit Card for Payment method                          # tek.capstone.framework.steps.RetailSteps.userClickAddACreditCardOrDebitCardForPaymentMethod()
 INFO [main] (RetailSteps.java:177)- User fill the new credit card
  And User fill Debit or credit card information                                             # tek.capstone.framework.steps.RetailSteps.userFillDebitOrCreditCardInformation(io.cucumber.datatable.DataTable)
    | cardNumber | nameOnCard | expirationMonth | expirationYear | securityCode |
    | cardNumber | fullName   | 12              | 2025           | securityCode |
  And User click on Add your card button                                                     # tek.capstone.framework.steps.AccountPageSteps.userClickOnAddYourCardButton()
  And User click on Place Your Order                                                         # tek.capstone.framework.steps.RetailSteps.userClickOnPlaceYourOrder()
 INFO [main] (RetailSteps.java:189)- User Successfully placed the order
  Then a message should be displayed 'Order Placed, Thanks'                                  # tek.capstone.framework.steps.RetailSteps.aMessageShouldBeDisplayedOrderPlacedThanks(java.lang.String)
]]></system-out>
    <system-err><![CDATA[Starting ChromeDriver 110.0.5481.77 (65ed616c6e8ee3fe0ad64fe83796c020644d42af-refs/branch-heads/5481@{#839}) on port 55663
Only local connections are allowed.
Please see https://chromedriver.chromium.org/security-considerations for suggestions on keeping ChromeDriver safe.
ChromeDriver was started successfully.
[1678064128.881][WARNING]: virtual void DevToolsClientImpl::AddListener(DevToolsEventListener *) subscribing a listener to the already connected DevToolsClient. Connection notification will not arrive.
Mar 05, 2023 7:55:28 PM org.openqa.selenium.remote.ProtocolHandshake createSession
INFO: Detected upstream dialect: W3C
Mar 05, 2023 7:55:28 PM org.openqa.selenium.devtools.CdpVersionFinder findNearestMatch
WARNING: Unable to find an exact match for CDP version 110, so returning the closest version found: a no-op implementation
Mar 05, 2023 7:55:28 PM org.openqa.selenium.devtools.CdpVersionFinder findNearestMatch
INFO: Unable to find CDP implementation matching 110.
Mar 05, 2023 7:55:28 PM org.openqa.selenium.chromium.ChromiumDriver lambda$new$3
WARNING: Unable to find version of CDP to use for . You may need to include a dependency on a specific version of the CDP using something similar to `org.seleniumhq.selenium:selenium-devtools-v86:4.4.0` where the version ("v86") matches the version of the chromium-based browser you're using and the version number of the artifact is the same as Selenium's.
]]></system-err>
  </testcase>
  <testcase name="Verify User can place an order with Shipping address and payment Method on file" classname="This feature is use for testing UI of Retail page" time="6.12">
    <system-out><![CDATA[
@completeTest
Scenario: Verify User can place an order with Shipping address and payment Method on file # features/Retail.feature:65
 INFO [main] (RetailSteps.java:29)- user is on retail website
 INFO [main] (RetailSteps.java:30)- Actual Title React App Equals  ExpectedTitle React App
  Given User is on retail website                                                         # tek.capstone.framework.steps.RetailSteps.userIsOnRetailWebsite()
 INFO [main] (SignInSteps.java:21)- User click on Sign In Button
  When User click on Sign in option                                                       # tek.capstone.framework.steps.SignInSteps.userClickOnSignInOption()
 INFO [main] (SignInSteps.java:32)- User enter email and password in sign in page
  And User enter email 'FARBOD.HASHEMI@TEKSCHOOL.US' and password 'Farbod@123456'         # tek.capstone.framework.steps.SignInSteps.userEnterEmailAndPassword(java.lang.String,java.lang.String)
 INFO [main] (SignInSteps.java:38)- User click the log In Button
  And User click on login button                                                          # tek.capstone.framework.steps.SignInSteps.userClickOnLoginButton()
  And User should be logged in into Account                                               # tek.capstone.framework.steps.SignInSteps.userShouldBeLoggedInIntoAccount()
 INFO [main] (RetailSteps.java:94)- User change category to Smart Home
  And User change the category to 'Electronics'                                           # tek.capstone.framework.steps.RetailSteps.userChangeTheCategoryTo(java.lang.String)
 INFO [main] (RetailSteps.java:101)- User search for specific product
  And User search for an item 'Apex Legends'                                              # tek.capstone.framework.steps.RetailSteps.userSearchForAnItem(java.lang.String)
 INFO [main] (RetailSteps.java:107)- User cclick on search button
  And User click on search icon                                                           # tek.capstone.framework.steps.RetailSteps.userClickOnSearchIcon()
  And User click on item                                                                  # tek.capstone.framework.steps.RetailSteps.userClickOnItem()
 INFO [main] (RetailSteps.java:120)- User change the quantity of product
  And User select quantity '5'                                                            # tek.capstone.framework.steps.RetailSteps.userSelectQuantity(java.lang.String)
 INFO [main] (RetailSteps.java:127)- User clicked on add to cart button
  And User click add to Cart button                                                       # tek.capstone.framework.steps.RetailSteps.userClickAddToCartButton()
  Then the cart icon quantity should change to '9'                                        # tek.capstone.framework.steps.RetailSteps.theCartIconQuantityShouldChangeTo(java.lang.String)
 INFO [main] (RetailSteps.java:146)- User clicked on Cart Button
  And User click on Cart option                                                           # tek.capstone.framework.steps.RetailSteps.userClickOnCartOption()
 INFO [main] (RetailSteps.java:152)- User clicked on Proceed to Checkout button
  And User click on Proceed to Checkout button                                            # tek.capstone.framework.steps.RetailSteps.userClickOnProceedToCheckoutButton()
  And User click on Place Your Order                                                      # tek.capstone.framework.steps.RetailSteps.userClickOnPlaceYourOrder()
 INFO [main] (RetailSteps.java:189)- User Successfully placed the order
  Then a message should be displayed 'Order Placed, Thanks'                               # tek.capstone.framework.steps.RetailSteps.aMessageShouldBeDisplayedOrderPlacedThanks(java.lang.String)
]]></system-out>
    <system-err><![CDATA[Starting ChromeDriver 110.0.5481.77 (65ed616c6e8ee3fe0ad64fe83796c020644d42af-refs/branch-heads/5481@{#839}) on port 59707
Only local connections are allowed.
Please see https://chromedriver.chromium.org/security-considerations for suggestions on keeping ChromeDriver safe.
ChromeDriver was started successfully.
[1678064137.999][WARNING]: virtual void DevToolsClientImpl::AddListener(DevToolsEventListener *) subscribing a listener to the already connected DevToolsClient. Connection notification will not arrive.
Mar 05, 2023 7:55:38 PM org.openqa.selenium.remote.ProtocolHandshake createSession
INFO: Detected upstream dialect: W3C
Mar 05, 2023 7:55:38 PM org.openqa.selenium.devtools.CdpVersionFinder findNearestMatch
WARNING: Unable to find an exact match for CDP version 110, so returning the closest version found: a no-op implementation
Mar 05, 2023 7:55:38 PM org.openqa.selenium.devtools.CdpVersionFinder findNearestMatch
INFO: Unable to find CDP implementation matching 110.
Mar 05, 2023 7:55:38 PM org.openqa.selenium.chromium.ChromiumDriver lambda$new$3
WARNING: Unable to find version of CDP to use for . You may need to include a dependency on a specific version of the CDP using something similar to `org.seleniumhq.selenium:selenium-devtools-v86:4.4.0` where the version ("v86") matches the version of the chromium-based browser you're using and the version number of the artifact is the same as Selenium's.
]]></system-err>
  </testcase>
  <testcase name="Varify user can sign in into Retail Application" classname="Sign In Feature" time="4.027">
    <system-out><![CDATA[
@completeTest
Scenario: Varify user can sign in into Retail Application                         # features/SignIn.feature:8
 INFO [main] (RetailSteps.java:29)- user is on retail website
 INFO [main] (RetailSteps.java:30)- Actual Title React App Equals  ExpectedTitle React App
  Given User is on retail website                                                 # tek.capstone.framework.steps.RetailSteps.userIsOnRetailWebsite()
 INFO [main] (SignInSteps.java:21)- User click on Sign In Button
  When User click on Sign in option                                               # tek.capstone.framework.steps.SignInSteps.userClickOnSignInOption()
 INFO [main] (SignInSteps.java:32)- User enter email and password in sign in page
  And User enter email 'FARBOD.HASHEMI@TEKSCHOOL.US' and password 'Farbod@123456' # tek.capstone.framework.steps.SignInSteps.userEnterEmailAndPassword(java.lang.String,java.lang.String)
 INFO [main] (SignInSteps.java:38)- User click the log In Button
  And User click on login button                                                  # tek.capstone.framework.steps.SignInSteps.userClickOnLoginButton()
  Then User should be logged in into Account                                      # tek.capstone.framework.steps.SignInSteps.userShouldBeLoggedInIntoAccount()
]]></system-out>
    <system-err><![CDATA[Starting ChromeDriver 110.0.5481.77 (65ed616c6e8ee3fe0ad64fe83796c020644d42af-refs/branch-heads/5481@{#839}) on port 57512
Only local connections are allowed.
Please see https://chromedriver.chromium.org/security-considerations for suggestions on keeping ChromeDriver safe.
ChromeDriver was started successfully.
[1678064144.223][WARNING]: virtual void DevToolsClientImpl::AddListener(DevToolsEventListener *) subscribing a listener to the already connected DevToolsClient. Connection notification will not arrive.
Mar 05, 2023 7:55:44 PM org.openqa.selenium.remote.ProtocolHandshake createSession
INFO: Detected upstream dialect: W3C
Mar 05, 2023 7:55:44 PM org.openqa.selenium.devtools.CdpVersionFinder findNearestMatch
WARNING: Unable to find an exact match for CDP version 110, so returning the closest version found: a no-op implementation
Mar 05, 2023 7:55:44 PM org.openqa.selenium.devtools.CdpVersionFinder findNearestMatch
INFO: Unable to find CDP implementation matching 110.
Mar 05, 2023 7:55:44 PM org.openqa.selenium.chromium.ChromiumDriver lambda$new$3
WARNING: Unable to find version of CDP to use for . You may need to include a dependency on a specific version of the CDP using something similar to `org.seleniumhq.selenium:selenium-devtools-v86:4.4.0` where the version ("v86") matches the version of the chromium-based browser you're using and the version number of the artifact is the same as Selenium's.
]]></system-err>
  </testcase>
  <testcase name="Varify user can create an account into Retail Website" classname="Sign In Feature" time="4.09">
    <system-out><![CDATA[
@completeTest
Scenario: Varify user can create an account into Retail Website # features/SignIn.feature:13
 INFO [main] (RetailSteps.java:29)- user is on retail website
 INFO [main] (RetailSteps.java:30)- Actual Title React App Equals  ExpectedTitle React App
  Given User is on retail website                               # tek.capstone.framework.steps.RetailSteps.userIsOnRetailWebsite()
 INFO [main] (SignInSteps.java:21)- User click on Sign In Button
  When User click on Sign in option                             # tek.capstone.framework.steps.SignInSteps.userClickOnSignInOption()
 INFO [main] (SignInSteps.java:51)- user click on new account button
  And User click on Create New Account button                   # tek.capstone.framework.steps.SignInSteps.userClickOnCreateNewAccountButton()
 INFO [main] (SignInSteps.java:61)- user filled the signUp information form
  Then User fill the signUp information with below data         # tek.capstone.framework.steps.SignInSteps.userFillTheSignUpInformationWithBelowData(io.cucumber.datatable.DataTable)
    | name          | email                  | password     | confirmPassword |
    | Farfarfarmran | farvgsfdrkht@gmail.com | Farfar@12345 | Farfar@12345    |
]]></system-out>
    <system-err><![CDATA[Starting ChromeDriver 110.0.5481.77 (65ed616c6e8ee3fe0ad64fe83796c020644d42af-refs/branch-heads/5481@{#839}) on port 64955
Only local connections are allowed.
Please see https://chromedriver.chromium.org/security-considerations for suggestions on keeping ChromeDriver safe.
ChromeDriver was started successfully.
[1678064148.183][WARNING]: virtual void DevToolsClientImpl::AddListener(DevToolsEventListener *) subscribing a listener to the already connected DevToolsClient. Connection notification will not arrive.
Mar 05, 2023 7:55:48 PM org.openqa.selenium.remote.ProtocolHandshake createSession
INFO: Detected upstream dialect: W3C
Mar 05, 2023 7:55:48 PM org.openqa.selenium.devtools.CdpVersionFinder findNearestMatch
WARNING: Unable to find an exact match for CDP version 110, so returning the closest version found: a no-op implementation
Mar 05, 2023 7:55:48 PM org.openqa.selenium.devtools.CdpVersionFinder findNearestMatch
INFO: Unable to find CDP implementation matching 110.
Mar 05, 2023 7:55:48 PM org.openqa.selenium.chromium.ChromiumDriver lambda$new$3
WARNING: Unable to find version of CDP to use for . You may need to include a dependency on a specific version of the CDP using something similar to `org.seleniumhq.selenium:selenium-devtools-v86:4.4.0` where the version ("v86") matches the version of the chromium-based browser you're using and the version number of the artifact is the same as Selenium's.
]]></system-err>
  </testcase>
</testsuite>