<?xml version="1.0" encoding="UTF-8"?>
<testsuite xmlns:xsi="http://www.w3.org/2001/XMLSchema-instance" xsi:noNamespaceSchemaLocation="https://maven.apache.org/surefire/maven-surefire-plugin/xsd/surefire-test-report-3.0.xsd" version="3.0" name="tek.capstone.framework.runner.TestRunner" time="140.275" tests="22" errors="0" skipped="0" failures="0">
  <properties>
[...]
</properties>
  <testcase name="Varify user can update Profile Information" classname="Retail Account Page" time="8.573">
    <system-out><![CDATA[
@completeTest
Scenario: Varify user can update Profile Information                              # features/Account.feature:12
 INFO [main] (RetailSteps.java:27)- user is on retail website
 INFO [main] (RetailSteps.java:28)- Actual Title React App Equals  ExpectedTitle React App
  Given User is on retail website                                                 # tek.capstone.framework.steps.RetailSteps.userIsOnRetailWebsite()
 INFO [main] (SignInSteps.java:21)- User click on Sign In Button
  When User click on Sign in option                                               # tek.capstone.framework.steps.SignInSteps.userClickOnSignInOption()
 INFO [main] (SignInSteps.java:32)- User enter email and password in sign in page
  And User enter email 'FARBOD.HASHEMI@TEKSCHOOL.US' and password 'Farbod@123456' # tek.capstone.framework.steps.SignInSteps.userEnterEmailAndPassword(java.lang.String,java.lang.String)
 INFO [main] (SignInSteps.java:38)- User click the log In Button
  And User click on login button                                                  # tek.capstone.framework.steps.SignInSteps.userClickOnLoginButton()
  And User should be logged in into Account                                       # tek.capstone.framework.steps.SignInSteps.userShouldBeLoggedInIntoAccount()
 INFO [main] (AccountPageSteps.java:22)- User click on account button
  Then User click on Account option                                               # tek.capstone.framework.steps.AccountPageSteps.userClickOnAccountOption()
 INFO [main] (AccountPageSteps.java:31)- User write new name and new phone number in name and phone number field
  And User update Name 'FarbodOmran' and PhoneNumber '4163458724'                 # tek.capstone.framework.steps.AccountPageSteps.userUpdateNameAndPassword(java.lang.String,java.lang.String)
 INFO [main] (AccountPageSteps.java:38)- User click the update button
  And User click on Update Button                                                 # tek.capstone.framework.steps.AccountPageSteps.userClickOnUpdateButton()
 INFO [main] (AccountPageSteps.java:31)- User write new name and new phone number in name and phone number field
  And User update Name 'FarbodOmran' and PhoneNumber '4163458722'                 # tek.capstone.framework.steps.AccountPageSteps.userUpdateNameAndPassword(java.lang.String,java.lang.String)
 INFO [main] (AccountPageSteps.java:38)- User click the update button
  And User click on Update Button                                                 # tek.capstone.framework.steps.AccountPageSteps.userClickOnUpdateButton()
 INFO [main] (AccountPageSteps.java:45)- User get Personal Information Updated Successfully massage
  Then User profile information should be updated                                 # tek.capstone.framework.steps.AccountPageSteps.userProfileInformationShouldBeUpdated()
]]></system-out>
    <system-err><![CDATA[SLF4J: Failed to load class "org.slf4j.impl.StaticLoggerBinder".
SLF4J: Defaulting to no-operation (NOP) logger implementation
SLF4J: See http://www.slf4j.org/codes.html#StaticLoggerBinder for further details.
ERROR StatusLogger Log4j2 could not find a logging implementation. Please add log4j-core to the classpath. Using SimpleLogger to log to the console...
Starting ChromeDriver 111.0.5563.64 (c710e93d5b63b7095afe8c2c17df34408078439d-refs/branch-heads/5563@{#995}) on port 65527
Only local connections are allowed.
Please see https://chromedriver.chromium.org/security-considerations for suggestions on keeping ChromeDriver safe.
ChromeDriver was started successfully.
Mar 19, 2023 7:54:25 PM org.openqa.selenium.remote.ProtocolHandshake createSession
INFO: Detected upstream dialect: W3C
Mar 19, 2023 7:54:25 PM org.openqa.selenium.devtools.CdpVersionFinder findNearestMatch
WARNING: Unable to find an exact match for CDP version 111, so returning the closest version found: a no-op implementation
Mar 19, 2023 7:54:25 PM org.openqa.selenium.devtools.CdpVersionFinder findNearestMatch
INFO: Unable to find CDP implementation matching 111.
Mar 19, 2023 7:54:25 PM org.openqa.selenium.chromium.ChromiumDriver lambda$new$3
WARNING: Unable to find version of CDP to use for . You may need to include a dependency on a specific version of the CDP using something similar to `org.seleniumhq.selenium:selenium-devtools-v86:4.4.0` where the version ("v86") matches the version of the chromium-based browser you're using and the version number of the artifact is the same as Selenium's.
]]></system-err>
  </testcase>
  <testcase name="Varify User can Update password" classname="Retail Account Page" time="7.816">
    <system-out><![CDATA[
@completeTest
Scenario: Varify User can Update password                                         # features/Account.feature:19
 INFO [main] (RetailSteps.java:27)- user is on retail website
 INFO [main] (RetailSteps.java:28)- Actual Title React App Equals  ExpectedTitle React App
  Given User is on retail website                                                 # tek.capstone.framework.steps.RetailSteps.userIsOnRetailWebsite()
 INFO [main] (SignInSteps.java:21)- User click on Sign In Button
  When User click on Sign in option                                               # tek.capstone.framework.steps.SignInSteps.userClickOnSignInOption()
 INFO [main] (SignInSteps.java:32)- User enter email and password in sign in page
  And User enter email 'FARBOD.HASHEMI@TEKSCHOOL.US' and password 'Farbod@123456' # tek.capstone.framework.steps.SignInSteps.userEnterEmailAndPassword(java.lang.String,java.lang.String)
 INFO [main] (SignInSteps.java:38)- User click the log In Button
  And User click on login button                                                  # tek.capstone.framework.steps.SignInSteps.userClickOnLoginButton()
  And User should be logged in into Account                                       # tek.capstone.framework.steps.SignInSteps.userShouldBeLoggedInIntoAccount()
 INFO [main] (AccountPageSteps.java:22)- User click on account button
  Then User click on Account option                                               # tek.capstone.framework.steps.AccountPageSteps.userClickOnAccountOption()
 INFO [main] (AccountPageSteps.java:55)- user enter new information in change password section
  When User enter below information                                               # tek.capstone.framework.steps.AccountPageSteps.userEnterBelowInformation(io.cucumber.datatable.DataTable)
    | value1        | value2        | value3        |
    | Farbod@123456 | Farbod@123457 | Farbod@123457 |
 INFO [main] (AccountPageSteps.java:62)- User click on change password button
  And User click on Change Password button                                        # tek.capstone.framework.steps.AccountPageSteps.userClickOnChangePasswordButton()
 INFO [main] (AccountPageSteps.java:71)- user can see the massage: Password Updated Successfully
  Then a massage should be displayed 'Password Updated Successfully'              # tek.capstone.framework.steps.AccountPageSteps.aMassageShouldBeDisplayed(java.lang.String)
 INFO [main] (AccountPageSteps.java:55)- user enter new information in change password section
  When User enter below information                                               # tek.capstone.framework.steps.AccountPageSteps.userEnterBelowInformation(io.cucumber.datatable.DataTable)
    | value1        | value2        | value3        |
    | Farbod@123457 | Farbod@123456 | Farbod@123456 |
 INFO [main] (AccountPageSteps.java:62)- User click on change password button
  And User click on Change Password button                                        # tek.capstone.framework.steps.AccountPageSteps.userClickOnChangePasswordButton()
 INFO [main] (AccountPageSteps.java:71)- user can see the massage: Password Updated Successfully
  Then a massage should be displayed 'Password Updated Successfully'              # tek.capstone.framework.steps.AccountPageSteps.aMassageShouldBeDisplayed(java.lang.String)
]]></system-out>
    <system-err><![CDATA[Starting ChromeDriver 111.0.5563.64 (c710e93d5b63b7095afe8c2c17df34408078439d-refs/branch-heads/5563@{#995}) on port 63419
Only local connections are allowed.
Please see https://chromedriver.chromium.org/security-considerations for suggestions on keeping ChromeDriver safe.
ChromeDriver was started successfully.
Mar 19, 2023 7:54:32 PM org.openqa.selenium.remote.ProtocolHandshake createSession
INFO: Detected upstream dialect: W3C
Mar 19, 2023 7:54:32 PM org.openqa.selenium.devtools.CdpVersionFinder findNearestMatch
WARNING: Unable to find an exact match for CDP version 111, so returning the closest version found: a no-op implementation
Mar 19, 2023 7:54:32 PM org.openqa.selenium.devtools.CdpVersionFinder findNearestMatch
INFO: Unable to find CDP implementation matching 111.
Mar 19, 2023 7:54:32 PM org.openqa.selenium.chromium.ChromiumDriver lambda$new$3
WARNING: Unable to find version of CDP to use for . You may need to include a dependency on a specific version of the CDP using something similar to `org.seleniumhq.selenium:selenium-devtools-v86:4.4.0` where the version ("v86") matches the version of the chromium-based browser you're using and the version number of the artifact is the same as Selenium's.
]]></system-err>
  </testcase>
  <testcase name="Varify User can add a payment method" classname="Retail Account Page" time="7.473">
    <system-out><![CDATA[
@completeTest
Scenario: Varify User can add a payment method                                    # features/Account.feature:31
 INFO [main] (RetailSteps.java:27)- user is on retail website
 INFO [main] (RetailSteps.java:28)- Actual Title React App Equals  ExpectedTitle React App
  Given User is on retail website                                                 # tek.capstone.framework.steps.RetailSteps.userIsOnRetailWebsite()
 INFO [main] (SignInSteps.java:21)- User click on Sign In Button
  When User click on Sign in option                                               # tek.capstone.framework.steps.SignInSteps.userClickOnSignInOption()
 INFO [main] (SignInSteps.java:32)- User enter email and password in sign in page
  And User enter email 'FARBOD.HASHEMI@TEKSCHOOL.US' and password 'Farbod@123456' # tek.capstone.framework.steps.SignInSteps.userEnterEmailAndPassword(java.lang.String,java.lang.String)
 INFO [main] (SignInSteps.java:38)- User click the log In Button
  And User click on login button                                                  # tek.capstone.framework.steps.SignInSteps.userClickOnLoginButton()
  And User should be logged in into Account                                       # tek.capstone.framework.steps.SignInSteps.userShouldBeLoggedInIntoAccount()
 INFO [main] (AccountPageSteps.java:22)- User click on account button
  Then User click on Account option                                               # tek.capstone.framework.steps.AccountPageSteps.userClickOnAccountOption()
 INFO [main] (AccountPageSteps.java:94)- User click on Add a Payment Method
  When User click on Add a payment method link                                    # tek.capstone.framework.steps.AccountPageSteps.userClickOnAddAPaymentMethodLink()
  And User fill Debit or Credit card information                                  # tek.capstone.framework.steps.AccountPageSteps.userFillDebitOrCreditCardInformation(io.cucumber.datatable.DataTable)
    | cardNumber | nameOnCard | expirationMonth | expirationYear | securityCode |
  And User click on Add your card button                                          # tek.capstone.framework.steps.AccountPageSteps.userClickOnAddYourCardButton()
 INFO [main] (AccountPageSteps.java:75)- user can see the massage: Card added Successfully
  Then a massage should be displayed 'Payment Method added successfully'          # tek.capstone.framework.steps.AccountPageSteps.aMassageShouldBeDisplayed(java.lang.String)
]]></system-out>
    <system-err><![CDATA[Starting ChromeDriver 111.0.5563.64 (c710e93d5b63b7095afe8c2c17df34408078439d-refs/branch-heads/5563@{#995}) on port 61842
Only local connections are allowed.
Please see https://chromedriver.chromium.org/security-considerations for suggestions on keeping ChromeDriver safe.
ChromeDriver was started successfully.
Mar 19, 2023 7:54:39 PM org.openqa.selenium.remote.ProtocolHandshake createSession
INFO: Detected upstream dialect: W3C
Mar 19, 2023 7:54:39 PM org.openqa.selenium.devtools.CdpVersionFinder findNearestMatch
WARNING: Unable to find an exact match for CDP version 111, so returning the closest version found: a no-op implementation
Mar 19, 2023 7:54:39 PM org.openqa.selenium.devtools.CdpVersionFinder findNearestMatch
INFO: Unable to find CDP implementation matching 111.
Mar 19, 2023 7:54:39 PM org.openqa.selenium.chromium.ChromiumDriver lambda$new$3
WARNING: Unable to find version of CDP to use for . You may need to include a dependency on a specific version of the CDP using something similar to `org.seleniumhq.selenium:selenium-devtools-v86:4.4.0` where the version ("v86") matches the version of the chromium-based browser you're using and the version number of the artifact is the same as Selenium's.
]]></system-err>
  </testcase>
  <testcase name="Varify User can edit Debit or Credit Card" classname="Retail Account Page" time="7.352">
    <system-out><![CDATA[
@completeTest
Scenario: Varify User can edit Debit or Credit Card                               # features/Account.feature:38
 INFO [main] (RetailSteps.java:27)- user is on retail website
 INFO [main] (RetailSteps.java:28)- Actual Title React App Equals  ExpectedTitle React App
  Given User is on retail website                                                 # tek.capstone.framework.steps.RetailSteps.userIsOnRetailWebsite()
 INFO [main] (SignInSteps.java:21)- User click on Sign In Button
  When User click on Sign in option                                               # tek.capstone.framework.steps.SignInSteps.userClickOnSignInOption()
 INFO [main] (SignInSteps.java:32)- User enter email and password in sign in page
  And User enter email 'FARBOD.HASHEMI@TEKSCHOOL.US' and password 'Farbod@123456' # tek.capstone.framework.steps.SignInSteps.userEnterEmailAndPassword(java.lang.String,java.lang.String)
 INFO [main] (SignInSteps.java:38)- User click the log In Button
  And User click on login button                                                  # tek.capstone.framework.steps.SignInSteps.userClickOnLoginButton()
  And User should be logged in into Account                                       # tek.capstone.framework.steps.SignInSteps.userShouldBeLoggedInIntoAccount()
 INFO [main] (AccountPageSteps.java:22)- User click on account button
  Then User click on Account option                                               # tek.capstone.framework.steps.AccountPageSteps.userClickOnAccountOption()
  When User click on Edit option of card section                                  # tek.capstone.framework.steps.AccountPageSteps.userClickOnEditOptionOfCardSection()
 INFO [main] (AccountPageSteps.java:137)- User enter new information in edit card field
  And User edit information with below data                                       # tek.capstone.framework.steps.AccountPageSteps.userEditInformationWithBelowData(io.cucumber.datatable.DataTable)
    | cardNumber | nameOnCard | expirationMonth | expirationYear | securityCode |
 INFO [main] (AccountPageSteps.java:143)- User click on update card button
  And User click on Update Your Card button                                       # tek.capstone.framework.steps.AccountPageSteps.userClickOnUpdateYourCardButton()
 INFO [main] (AccountPageSteps.java:79)- User successfully edited Debit or Credit Card information
  Then a massage should be displayed 'Payment Method updated Successfully'        # tek.capstone.framework.steps.AccountPageSteps.aMassageShouldBeDisplayed(java.lang.String)
]]></system-out>
    <system-err><![CDATA[Starting ChromeDriver 111.0.5563.64 (c710e93d5b63b7095afe8c2c17df34408078439d-refs/branch-heads/5563@{#995}) on port 60313
Only local connections are allowed.
Please see https://chromedriver.chromium.org/security-considerations for suggestions on keeping ChromeDriver safe.
ChromeDriver was started successfully.
Mar 19, 2023 7:54:47 PM org.openqa.selenium.remote.ProtocolHandshake createSession
INFO: Detected upstream dialect: W3C
Mar 19, 2023 7:54:47 PM org.openqa.selenium.devtools.CdpVersionFinder findNearestMatch
WARNING: Unable to find an exact match for CDP version 111, so returning the closest version found: a no-op implementation
Mar 19, 2023 7:54:47 PM org.openqa.selenium.devtools.CdpVersionFinder findNearestMatch
INFO: Unable to find CDP implementation matching 111.
Mar 19, 2023 7:54:47 PM org.openqa.selenium.chromium.ChromiumDriver lambda$new$3
WARNING: Unable to find version of CDP to use for . You may need to include a dependency on a specific version of the CDP using something similar to `org.seleniumhq.selenium:selenium-devtools-v86:4.4.0` where the version ("v86") matches the version of the chromium-based browser you're using and the version number of the artifact is the same as Selenium's.
]]></system-err>
  </testcase>
  <testcase name="Varify user can remove Debit or Credit card" classname="Retail Account Page" time="4.983">
    <system-out><![CDATA[
@completeTest
Scenario: Varify user can remove Debit or Credit card                             # features/Account.feature:45
 INFO [main] (RetailSteps.java:27)- user is on retail website
 INFO [main] (RetailSteps.java:28)- Actual Title React App Equals  ExpectedTitle React App
  Given User is on retail website                                                 # tek.capstone.framework.steps.RetailSteps.userIsOnRetailWebsite()
 INFO [main] (SignInSteps.java:21)- User click on Sign In Button
  When User click on Sign in option                                               # tek.capstone.framework.steps.SignInSteps.userClickOnSignInOption()
 INFO [main] (SignInSteps.java:32)- User enter email and password in sign in page
  And User enter email 'FARBOD.HASHEMI@TEKSCHOOL.US' and password 'Farbod@123456' # tek.capstone.framework.steps.SignInSteps.userEnterEmailAndPassword(java.lang.String,java.lang.String)
 INFO [main] (SignInSteps.java:38)- User click the log In Button
  And User click on login button                                                  # tek.capstone.framework.steps.SignInSteps.userClickOnLoginButton()
  And User should be logged in into Account                                       # tek.capstone.framework.steps.SignInSteps.userShouldBeLoggedInIntoAccount()
 INFO [main] (AccountPageSteps.java:22)- User click on account button
  Then User click on Account option                                               # tek.capstone.framework.steps.AccountPageSteps.userClickOnAccountOption()
 INFO [main] (AccountPageSteps.java:149)- User Click to remove the debit or credit card
  When User click on remove option                                                # tek.capstone.framework.steps.AccountPageSteps.userClickOnRemoveOption()
 INFO [main] (AccountPageSteps.java:155)- User clock on remove card button
  And User click on remove option of card section                                 # tek.capstone.framework.steps.AccountPageSteps.userClickOnRemoveOptionOfCardSection()
 INFO [main] (AccountPageSteps.java:161)- user remove the card successfully
  Then payment details should be removed                                          # tek.capstone.framework.steps.AccountPageSteps.paymentDetailsShouldBeRemoved()
]]></system-out>
    <system-err><![CDATA[Starting ChromeDriver 111.0.5563.64 (c710e93d5b63b7095afe8c2c17df34408078439d-refs/branch-heads/5563@{#995}) on port 50173
Only local connections are allowed.
Please see https://chromedriver.chromium.org/security-considerations for suggestions on keeping ChromeDriver safe.
ChromeDriver was started successfully.
Mar 19, 2023 7:54:54 PM org.openqa.selenium.remote.ProtocolHandshake createSession
INFO: Detected upstream dialect: W3C
Mar 19, 2023 7:54:54 PM org.openqa.selenium.devtools.CdpVersionFinder findNearestMatch
WARNING: Unable to find an exact match for CDP version 111, so returning the closest version found: a no-op implementation
Mar 19, 2023 7:54:54 PM org.openqa.selenium.devtools.CdpVersionFinder findNearestMatch
INFO: Unable to find CDP implementation matching 111.
Mar 19, 2023 7:54:54 PM org.openqa.selenium.chromium.ChromiumDriver lambda$new$3
WARNING: Unable to find version of CDP to use for . You may need to include a dependency on a specific version of the CDP using something similar to `org.seleniumhq.selenium:selenium-devtools-v86:4.4.0` where the version ("v86") matches the version of the chromium-based browser you're using and the version number of the artifact is the same as Selenium's.
]]></system-err>
  </testcase>
  <testcase name="Varify user can add an Address" classname="Retail Account Page" time="7.933">
    <system-out><![CDATA[
@completeTest
Scenario: Varify user can add an Address                                          # features/Account.feature:50
 INFO [main] (RetailSteps.java:27)- user is on retail website
 INFO [main] (RetailSteps.java:28)- Actual Title React App Equals  ExpectedTitle React App
  Given User is on retail website                                                 # tek.capstone.framework.steps.RetailSteps.userIsOnRetailWebsite()
 INFO [main] (SignInSteps.java:21)- User click on Sign In Button
  When User click on Sign in option                                               # tek.capstone.framework.steps.SignInSteps.userClickOnSignInOption()
 INFO [main] (SignInSteps.java:32)- User enter email and password in sign in page
  And User enter email 'FARBOD.HASHEMI@TEKSCHOOL.US' and password 'Farbod@123456' # tek.capstone.framework.steps.SignInSteps.userEnterEmailAndPassword(java.lang.String,java.lang.String)
 INFO [main] (SignInSteps.java:38)- User click the log In Button
  And User click on login button                                                  # tek.capstone.framework.steps.SignInSteps.userClickOnLoginButton()
  And User should be logged in into Account                                       # tek.capstone.framework.steps.SignInSteps.userShouldBeLoggedInIntoAccount()
 INFO [main] (AccountPageSteps.java:22)- User click on account button
  Then User click on Account option                                               # tek.capstone.framework.steps.AccountPageSteps.userClickOnAccountOption()
 INFO [main] (AccountPageSteps.java:168)- User click on add your address option
  When User click on Add address option                                           # tek.capstone.framework.steps.AccountPageSteps.userClickOnAddAddressOption()
 INFO [main] (AccountPageSteps.java:190)- user fill the address section based on faker class data
  And User fill new address form with belew information                           # tek.capstone.framework.steps.AccountPageSteps.userFillNewAddressFormWithBelewInformation(io.cucumber.datatable.DataTable)
    | country | fullName | PhoneNumber | StreetAddress | apt | city | state | zipCode |
 INFO [main] (AccountPageSteps.java:197)- User click on Add Your Address Button
  And User click Add Your Address button                                          # tek.capstone.framework.steps.AccountPageSteps.userClickAddYourAddressButton()
 INFO [main] (AccountPageSteps.java:83)- User successfully added address
  Then a massage should be displayed 'Address added successfully'                 # tek.capstone.framework.steps.AccountPageSteps.aMassageShouldBeDisplayed(java.lang.String)
]]></system-out>
    <system-err><![CDATA[Starting ChromeDriver 111.0.5563.64 (c710e93d5b63b7095afe8c2c17df34408078439d-refs/branch-heads/5563@{#995}) on port 64388
Only local connections are allowed.
Please see https://chromedriver.chromium.org/security-considerations for suggestions on keeping ChromeDriver safe.
ChromeDriver was started successfully.
Mar 19, 2023 7:54:59 PM org.openqa.selenium.remote.ProtocolHandshake createSession
INFO: Detected upstream dialect: W3C
Mar 19, 2023 7:54:59 PM org.openqa.selenium.devtools.CdpVersionFinder findNearestMatch
WARNING: Unable to find an exact match for CDP version 111, so returning the closest version found: a no-op implementation
Mar 19, 2023 7:54:59 PM org.openqa.selenium.devtools.CdpVersionFinder findNearestMatch
INFO: Unable to find CDP implementation matching 111.
Mar 19, 2023 7:54:59 PM org.openqa.selenium.chromium.ChromiumDriver lambda$new$3
WARNING: Unable to find version of CDP to use for . You may need to include a dependency on a specific version of the CDP using something similar to `org.seleniumhq.selenium:selenium-devtools-v86:4.4.0` where the version ("v86") matches the version of the chromium-based browser you're using and the version number of the artifact is the same as Selenium's.
]]></system-err>
  </testcase>
  <testcase name="Varify User can edit an Address added on account" classname="Retail Account Page" time="8.113">
    <system-out><![CDATA[
@completeTest
Scenario: Varify User can edit an Address added on account                        # features/Account.feature:57
 INFO [main] (RetailSteps.java:27)- user is on retail website
 INFO [main] (RetailSteps.java:28)- Actual Title React App Equals  ExpectedTitle React App
  Given User is on retail website                                                 # tek.capstone.framework.steps.RetailSteps.userIsOnRetailWebsite()
 INFO [main] (SignInSteps.java:21)- User click on Sign In Button
  When User click on Sign in option                                               # tek.capstone.framework.steps.SignInSteps.userClickOnSignInOption()
 INFO [main] (SignInSteps.java:32)- User enter email and password in sign in page
  And User enter email 'FARBOD.HASHEMI@TEKSCHOOL.US' and password 'Farbod@123456' # tek.capstone.framework.steps.SignInSteps.userEnterEmailAndPassword(java.lang.String,java.lang.String)
 INFO [main] (SignInSteps.java:38)- User click the log In Button
  And User click on login button                                                  # tek.capstone.framework.steps.SignInSteps.userClickOnLoginButton()
  And User should be logged in into Account                                       # tek.capstone.framework.steps.SignInSteps.userShouldBeLoggedInIntoAccount()
 INFO [main] (AccountPageSteps.java:22)- User click on account button
  Then User click on Account option                                               # tek.capstone.framework.steps.AccountPageSteps.userClickOnAccountOption()
 INFO [main] (AccountPageSteps.java:203)- User click to edit address
  When User click on edit address option                                          # tek.capstone.framework.steps.AccountPageSteps.userClickOnEditAddressOption()
 INFO [main] (AccountPageSteps.java:232)- User fill the new information for updating address
  And User fill new address form with below information                           # tek.capstone.framework.steps.AccountPageSteps.userFillNewAddressFormWithBelowInformation(io.cucumber.datatable.DataTable)
    | country | fullName | PhoneNumber | StreetAddress | apt | city | state | zipCode |
 INFO [main] (AccountPageSteps.java:238)- User click on update address button
  And User click update Your Address button                                       # tek.capstone.framework.steps.AccountPageSteps.userClickUpdateYourAddressButton()
 INFO [main] (AccountPageSteps.java:87)- User successfully updatet address
  Then a massage should be displayed 'Address Updatet Successfully'               # tek.capstone.framework.steps.AccountPageSteps.aMassageShouldBeDisplayed(java.lang.String)
]]></system-out>
    <system-err><![CDATA[Starting ChromeDriver 111.0.5563.64 (c710e93d5b63b7095afe8c2c17df34408078439d-refs/branch-heads/5563@{#995}) on port 64284
Only local connections are allowed.
Please see https://chromedriver.chromium.org/security-considerations for suggestions on keeping ChromeDriver safe.
ChromeDriver was started successfully.
Mar 19, 2023 7:55:07 PM org.openqa.selenium.remote.ProtocolHandshake createSession
INFO: Detected upstream dialect: W3C
Mar 19, 2023 7:55:07 PM org.openqa.selenium.devtools.CdpVersionFinder findNearestMatch
WARNING: Unable to find an exact match for CDP version 111, so returning the closest version found: a no-op implementation
Mar 19, 2023 7:55:07 PM org.openqa.selenium.devtools.CdpVersionFinder findNearestMatch
INFO: Unable to find CDP implementation matching 111.
Mar 19, 2023 7:55:07 PM org.openqa.selenium.chromium.ChromiumDriver lambda$new$3
WARNING: Unable to find version of CDP to use for . You may need to include a dependency on a specific version of the CDP using something similar to `org.seleniumhq.selenium:selenium-devtools-v86:4.4.0` where the version ("v86") matches the version of the chromium-based browser you're using and the version number of the artifact is the same as Selenium's.
]]></system-err>
  </testcase>
  <testcase name="Varify User can remove Address from Account" classname="Retail Account Page" time="4.728">
    <system-out><![CDATA[
@completeTest
Scenario: Varify User can remove Address from Account                             # features/Account.feature:64
 INFO [main] (RetailSteps.java:27)- user is on retail website
 INFO [main] (RetailSteps.java:28)- Actual Title React App Equals  ExpectedTitle React App
  Given User is on retail website                                                 # tek.capstone.framework.steps.RetailSteps.userIsOnRetailWebsite()
 INFO [main] (SignInSteps.java:21)- User click on Sign In Button
  When User click on Sign in option                                               # tek.capstone.framework.steps.SignInSteps.userClickOnSignInOption()
 INFO [main] (SignInSteps.java:32)- User enter email and password in sign in page
  And User enter email 'FARBOD.HASHEMI@TEKSCHOOL.US' and password 'Farbod@123456' # tek.capstone.framework.steps.SignInSteps.userEnterEmailAndPassword(java.lang.String,java.lang.String)
 INFO [main] (SignInSteps.java:38)- User click the log In Button
  And User click on login button                                                  # tek.capstone.framework.steps.SignInSteps.userClickOnLoginButton()
  And User should be logged in into Account                                       # tek.capstone.framework.steps.SignInSteps.userShouldBeLoggedInIntoAccount()
 INFO [main] (AccountPageSteps.java:22)- User click on account button
  Then User click on Account option                                               # tek.capstone.framework.steps.AccountPageSteps.userClickOnAccountOption()
 INFO [main] (AccountPageSteps.java:244)- User click on remove button on address field to remove address
  When User click on remove option of Address section                             # tek.capstone.framework.steps.AccountPageSteps.userClickOnRemoveOptionOfAddressSection()
 INFO [main] (AccountPageSteps.java:250)- User successfully remove address
  Then Address details should be removed                                          # tek.capstone.framework.steps.AccountPageSteps.addressDetailsShouldBeRemoved()
]]></system-out>
    <system-err><![CDATA[Starting ChromeDriver 111.0.5563.64 (c710e93d5b63b7095afe8c2c17df34408078439d-refs/branch-heads/5563@{#995}) on port 52191
Only local connections are allowed.
Please see https://chromedriver.chromium.org/security-considerations for suggestions on keeping ChromeDriver safe.
ChromeDriver was started successfully.
Mar 19, 2023 7:55:15 PM org.openqa.selenium.remote.ProtocolHandshake createSession
INFO: Detected upstream dialect: W3C
Mar 19, 2023 7:55:15 PM org.openqa.selenium.devtools.CdpVersionFinder findNearestMatch
WARNING: Unable to find an exact match for CDP version 111, so returning the closest version found: a no-op implementation
Mar 19, 2023 7:55:15 PM org.openqa.selenium.devtools.CdpVersionFinder findNearestMatch
INFO: Unable to find CDP implementation matching 111.
Mar 19, 2023 7:55:15 PM org.openqa.selenium.chromium.ChromiumDriver lambda$new$3
WARNING: Unable to find version of CDP to use for . You may need to include a dependency on a specific version of the CDP using something similar to `org.seleniumhq.selenium:selenium-devtools-v86:4.4.0` where the version ("v86") matches the version of the chromium-based browser you're using and the version number of the artifact is the same as Selenium's.
]]></system-err>
  </testcase>
  <testcase name="Verify User can cancel the order" classname="Retail Order Page" time="6.933">
    <system-out><![CDATA[
@completeTest
Scenario: Verify User can cancel the order                                        # features/Order.feature:13
 INFO [main] (RetailSteps.java:27)- user is on retail website
 INFO [main] (RetailSteps.java:28)- Actual Title React App Equals  ExpectedTitle React App
  Given User is on retail website                                                 # tek.capstone.framework.steps.RetailSteps.userIsOnRetailWebsite()
 INFO [main] (SignInSteps.java:21)- User click on Sign In Button
  When User click on Sign in option                                               # tek.capstone.framework.steps.SignInSteps.userClickOnSignInOption()
 INFO [main] (SignInSteps.java:32)- User enter email and password in sign in page
  And User enter email 'FARBOD.HASHEMI@TEKSCHOOL.US' and password 'Farbod@123456' # tek.capstone.framework.steps.SignInSteps.userEnterEmailAndPassword(java.lang.String,java.lang.String)
 INFO [main] (SignInSteps.java:38)- User click the log In Button
  And User click on login button                                                  # tek.capstone.framework.steps.SignInSteps.userClickOnLoginButton()
  And User should be logged in into Account                                       # tek.capstone.framework.steps.SignInSteps.userShouldBeLoggedInIntoAccount()
 INFO [main] (OrderSteps.java:17)- User clicked on order button
  And User click on Orders section                                                # tek.capstone.framework.steps.OrderSteps.userClickOnOrdersSection()
 INFO [main] (OrderSteps.java:25)- User clicked on first item
  And User click on first order in list                                           # tek.capstone.framework.steps.OrderSteps.userClickOnFirstOrderInList()
  And User click on Cancel The Order button                                       # tek.capstone.framework.steps.OrderSteps.userClickOnCancelTheOrderButton()
 INFO [main] (OrderSteps.java:42)- User select the return reson
  And User select the cancelation Reason 'Bought wrong item'                      # tek.capstone.framework.steps.OrderSteps.userSelectTheCancelationReason(java.lang.String)
 INFO [main] (OrderSteps.java:49)- User clicked on cancel order button
  And User click on Cancel Order button                                           # tek.capstone.framework.steps.OrderSteps.userClickOnCancelOrderButton()
 INFO [main] (OrderSteps.java:57)- User successfully canceled the order and get the cancelation massage
  Then a cancelation message should be displayed 'Your Order Has Been Cancelled'  # tek.capstone.framework.steps.OrderSteps.aCancelationMessageShouldBeDisplayed(java.lang.String)
]]></system-out>
    <system-err><![CDATA[Starting ChromeDriver 111.0.5563.64 (c710e93d5b63b7095afe8c2c17df34408078439d-refs/branch-heads/5563@{#995}) on port 60563
Only local connections are allowed.
Please see https://chromedriver.chromium.org/security-considerations for suggestions on keeping ChromeDriver safe.
ChromeDriver was started successfully.
Mar 19, 2023 7:55:20 PM org.openqa.selenium.remote.ProtocolHandshake createSession
INFO: Detected upstream dialect: W3C
Mar 19, 2023 7:55:20 PM org.openqa.selenium.devtools.CdpVersionFinder findNearestMatch
WARNING: Unable to find an exact match for CDP version 111, so returning the closest version found: a no-op implementation
Mar 19, 2023 7:55:20 PM org.openqa.selenium.devtools.CdpVersionFinder findNearestMatch
INFO: Unable to find CDP implementation matching 111.
Mar 19, 2023 7:55:20 PM org.openqa.selenium.chromium.ChromiumDriver lambda$new$3
WARNING: Unable to find version of CDP to use for . You may need to include a dependency on a specific version of the CDP using something similar to `org.seleniumhq.selenium:selenium-devtools-v86:4.4.0` where the version ("v86") matches the version of the chromium-based browser you're using and the version number of the artifact is the same as Selenium's.
]]></system-err>
  </testcase>
  <testcase name="Verify User can Return the order" classname="Retail Order Page" time="6.908">
    <system-out><![CDATA[
@completeTest
Scenario: Verify User can Return the order                                        # features/Order.feature:19
 INFO [main] (RetailSteps.java:27)- user is on retail website
 INFO [main] (RetailSteps.java:28)- Actual Title React App Equals  ExpectedTitle React App
  Given User is on retail website                                                 # tek.capstone.framework.steps.RetailSteps.userIsOnRetailWebsite()
 INFO [main] (SignInSteps.java:21)- User click on Sign In Button
  When User click on Sign in option                                               # tek.capstone.framework.steps.SignInSteps.userClickOnSignInOption()
 INFO [main] (SignInSteps.java:32)- User enter email and password in sign in page
  And User enter email 'FARBOD.HASHEMI@TEKSCHOOL.US' and password 'Farbod@123456' # tek.capstone.framework.steps.SignInSteps.userEnterEmailAndPassword(java.lang.String,java.lang.String)
 INFO [main] (SignInSteps.java:38)- User click the log In Button
  And User click on login button                                                  # tek.capstone.framework.steps.SignInSteps.userClickOnLoginButton()
  And User should be logged in into Account                                       # tek.capstone.framework.steps.SignInSteps.userShouldBeLoggedInIntoAccount()
 INFO [main] (OrderSteps.java:17)- User clicked on order button
  And User click on Orders section                                                # tek.capstone.framework.steps.OrderSteps.userClickOnOrdersSection()
 INFO [main] (OrderSteps.java:25)- User clicked on first item
  And User click on first order in list                                           # tek.capstone.framework.steps.OrderSteps.userClickOnFirstOrderInList()
 INFO [main] (OrderSteps.java:72)- User clicked on return order button
  And User click on Return Items button                                           # tek.capstone.framework.steps.OrderSteps.userClickOnReturnItemsButton()
 INFO [main] (OrderSteps.java:79)- User select the return reson
  And User select the Return Reason 'Item damaged'                                # tek.capstone.framework.steps.OrderSteps.userSelectTheReturnReason(java.lang.String)
 INFO [main] (OrderSteps.java:86)- User select the droppOff location
  And User select the drop off service 'FedEx'                                    # tek.capstone.framework.steps.OrderSteps.userSelectTheDropOffService(java.lang.String)
 INFO [main] (OrderSteps.java:92)- User clicked on return order button
  And User click on Return Order button                                           # tek.capstone.framework.steps.OrderSteps.userClickOnReturnOrderButton()
 INFO [main] (OrderSteps.java:60)- User successfully return the order and get the return massage
  Then a cancelation message should be displayed 'Return was successfull'         # tek.capstone.framework.steps.OrderSteps.aCancelationMessageShouldBeDisplayed(java.lang.String)
]]></system-out>
    <system-err><![CDATA[Starting ChromeDriver 111.0.5563.64 (c710e93d5b63b7095afe8c2c17df34408078439d-refs/branch-heads/5563@{#995}) on port 58755
Only local connections are allowed.
Please see https://chromedriver.chromium.org/security-considerations for suggestions on keeping ChromeDriver safe.
ChromeDriver was started successfully.
Mar 19, 2023 7:55:27 PM org.openqa.selenium.remote.ProtocolHandshake createSession
INFO: Detected upstream dialect: W3C
Mar 19, 2023 7:55:27 PM org.openqa.selenium.devtools.CdpVersionFinder findNearestMatch
WARNING: Unable to find an exact match for CDP version 111, so returning the closest version found: a no-op implementation
Mar 19, 2023 7:55:27 PM org.openqa.selenium.devtools.CdpVersionFinder findNearestMatch
INFO: Unable to find CDP implementation matching 111.
Mar 19, 2023 7:55:27 PM org.openqa.selenium.chromium.ChromiumDriver lambda$new$3
WARNING: Unable to find version of CDP to use for . You may need to include a dependency on a specific version of the CDP using something similar to `org.seleniumhq.selenium:selenium-devtools-v86:4.4.0` where the version ("v86") matches the version of the chromium-based browser you're using and the version number of the artifact is the same as Selenium's.
]]></system-err>
  </testcase>
  <testcase name="Verify User can write a review on order placed" classname="Retail Order Page" time="6.561">
    <system-out><![CDATA[
@completeTest
Scenario: Verify User can write a review on order placed                          # features/Order.feature:26
 INFO [main] (RetailSteps.java:27)- user is on retail website
 INFO [main] (RetailSteps.java:28)- Actual Title React App Equals  ExpectedTitle React App
  Given User is on retail website                                                 # tek.capstone.framework.steps.RetailSteps.userIsOnRetailWebsite()
 INFO [main] (SignInSteps.java:21)- User click on Sign In Button
  When User click on Sign in option                                               # tek.capstone.framework.steps.SignInSteps.userClickOnSignInOption()
 INFO [main] (SignInSteps.java:32)- User enter email and password in sign in page
  And User enter email 'FARBOD.HASHEMI@TEKSCHOOL.US' and password 'Farbod@123456' # tek.capstone.framework.steps.SignInSteps.userEnterEmailAndPassword(java.lang.String,java.lang.String)
 INFO [main] (SignInSteps.java:38)- User click the log In Button
  And User click on login button                                                  # tek.capstone.framework.steps.SignInSteps.userClickOnLoginButton()
  And User should be logged in into Account                                       # tek.capstone.framework.steps.SignInSteps.userShouldBeLoggedInIntoAccount()
 INFO [main] (OrderSteps.java:17)- User clicked on order button
  And User click on Orders section                                                # tek.capstone.framework.steps.OrderSteps.userClickOnOrdersSection()
 INFO [main] (OrderSteps.java:25)- User clicked on first item
  And User click on first order in list                                           # tek.capstone.framework.steps.OrderSteps.userClickOnFirstOrderInList()
 INFO [main] (OrderSteps.java:99)- Userclicked on review button
  And User click on Review button                                                 # tek.capstone.framework.steps.OrderSteps.userClickOnReviewButton()
 INFO [main] (OrderSteps.java:107)- User write a review
  And User write Review headline 'headline value' and 'review text'               # tek.capstone.framework.steps.OrderSteps.userWriteReviewHeadline(java.lang.String,java.lang.String)
 INFO [main] (OrderSteps.java:114)- User clicked on add review button
  And User click Add your Review button                                           # tek.capstone.framework.steps.OrderSteps.userClickAddYourReviewButton()
 INFO [main] (OrderSteps.java:122)- User successfully add review and get the confirmation massage
  Then a review message should be displayed 'Your review was added successfully'  # tek.capstone.framework.steps.OrderSteps.aReviewMessageShouldBeDisplayed(java.lang.String)
]]></system-out>
    <system-err><![CDATA[Starting ChromeDriver 111.0.5563.64 (c710e93d5b63b7095afe8c2c17df34408078439d-refs/branch-heads/5563@{#995}) on port 61504
Only local connections are allowed.
Please see https://chromedriver.chromium.org/security-considerations for suggestions on keeping ChromeDriver safe.
ChromeDriver was started successfully.
Mar 19, 2023 7:55:34 PM org.openqa.selenium.remote.ProtocolHandshake createSession
INFO: Detected upstream dialect: W3C
Mar 19, 2023 7:55:34 PM org.openqa.selenium.devtools.CdpVersionFinder findNearestMatch
WARNING: Unable to find an exact match for CDP version 111, so returning the closest version found: a no-op implementation
Mar 19, 2023 7:55:34 PM org.openqa.selenium.devtools.CdpVersionFinder findNearestMatch
INFO: Unable to find CDP implementation matching 111.
Mar 19, 2023 7:55:34 PM org.openqa.selenium.chromium.ChromiumDriver lambda$new$3
WARNING: Unable to find version of CDP to use for . You may need to include a dependency on a specific version of the CDP using something similar to `org.seleniumhq.selenium:selenium-devtools-v86:4.4.0` where the version ("v86") matches the version of the chromium-based browser you're using and the version number of the artifact is the same as Selenium's.
]]></system-err>
  </testcase>
  <testcase name="Verify Shop by Department sidbar" classname="This feature is use for testing UI of Retail page" time="4.211">
    <system-out><![CDATA[
@completeTest
Scenario: Verify Shop by Department sidbar                   # features/Retail.feature:7
 INFO [main] (RetailSteps.java:27)- user is on retail website
 INFO [main] (RetailSteps.java:28)- Actual Title React App Equals  ExpectedTitle React App
  Given User is on retail website                            # tek.capstone.framework.steps.RetailSteps.userIsOnRetailWebsite()
 INFO [main] (RetailSteps.java:42)- User click on all sidebar button
  When User click on All Section                             # tek.capstone.framework.steps.RetailSteps.userClickOnAllSection()
 INFO [main] (RetailSteps.java:52)- Electronics is equal to Electronics
 INFO [main] (RetailSteps.java:52)- Computers is equal to Computers
 INFO [main] (RetailSteps.java:52)- Smart Home is equal to Smart Home
 INFO [main] (RetailSteps.java:52)- Sports is equal to Sports
 INFO [main] (RetailSteps.java:52)- Automative is equal to Automative
  Then blew option are present in Shop by Department sidebar # tek.capstone.framework.steps.RetailSteps.blewOptionArePresentInShopByDepartmentSidebar(io.cucumber.datatable.DataTable)
    | Electronics | Computers | Smart Home | Sports | Automative |
]]></system-out>
    <system-err><![CDATA[Starting ChromeDriver 111.0.5563.64 (c710e93d5b63b7095afe8c2c17df34408078439d-refs/branch-heads/5563@{#995}) on port 62671
Only local connections are allowed.
Please see https://chromedriver.chromium.org/security-considerations for suggestions on keeping ChromeDriver safe.
ChromeDriver was started successfully.
Mar 19, 2023 7:55:40 PM org.openqa.selenium.remote.ProtocolHandshake createSession
INFO: Detected upstream dialect: W3C
Mar 19, 2023 7:55:40 PM org.openqa.selenium.devtools.CdpVersionFinder findNearestMatch
WARNING: Unable to find an exact match for CDP version 111, so returning the closest version found: a no-op implementation
Mar 19, 2023 7:55:40 PM org.openqa.selenium.devtools.CdpVersionFinder findNearestMatch
INFO: Unable to find CDP implementation matching 111.
Mar 19, 2023 7:55:40 PM org.openqa.selenium.chromium.ChromiumDriver lambda$new$3
WARNING: Unable to find version of CDP to use for . You may need to include a dependency on a specific version of the CDP using something similar to `org.seleniumhq.selenium:selenium-devtools-v86:4.4.0` where the version ("v86") matches the version of the chromium-based browser you're using and the version number of the artifact is the same as Selenium's.
]]></system-err>
  </testcase>
  <testcase name="Varify department sidebar options #1" classname="This feature is use for testing UI of Retail page" time="4.356">
    <system-out><![CDATA[
@completeTest
Scenario Outline: Varify department sidebar options # features/Retail.feature:20
 INFO [main] (RetailSteps.java:27)- user is on retail website
 INFO [main] (RetailSteps.java:28)- Actual Title React App Equals  ExpectedTitle React App
  Given User is on retail website                   # tek.capstone.framework.steps.RetailSteps.userIsOnRetailWebsite()
 INFO [main] (RetailSteps.java:42)- User click on all sidebar button
  When User click on All Section                    # tek.capstone.framework.steps.RetailSteps.userClickOnAllSection()
  And User on 'Electronics'                         # tek.capstone.framework.steps.RetailSteps.userOn(java.lang.String)
 INFO [main] (RetailSteps.java:83)- TV & Video is present
 INFO [main] (RetailSteps.java:83)- Video Games is present
  Then below options are present in department      # tek.capstone.framework.steps.RetailSteps.belowOptionsArePresentInDepartment(io.cucumber.datatable.DataTable)
    | TV & Video | Video Games |
]]></system-out>
    <system-err><![CDATA[Starting ChromeDriver 111.0.5563.64 (c710e93d5b63b7095afe8c2c17df34408078439d-refs/branch-heads/5563@{#995}) on port 54090
Only local connections are allowed.
Please see https://chromedriver.chromium.org/security-considerations for suggestions on keeping ChromeDriver safe.
ChromeDriver was started successfully.
Mar 19, 2023 7:55:44 PM org.openqa.selenium.remote.ProtocolHandshake createSession
INFO: Detected upstream dialect: W3C
Mar 19, 2023 7:55:45 PM org.openqa.selenium.devtools.CdpVersionFinder findNearestMatch
WARNING: Unable to find an exact match for CDP version 111, so returning the closest version found: a no-op implementation
Mar 19, 2023 7:55:45 PM org.openqa.selenium.devtools.CdpVersionFinder findNearestMatch
INFO: Unable to find CDP implementation matching 111.
Mar 19, 2023 7:55:45 PM org.openqa.selenium.chromium.ChromiumDriver lambda$new$3
WARNING: Unable to find version of CDP to use for . You may need to include a dependency on a specific version of the CDP using something similar to `org.seleniumhq.selenium:selenium-devtools-v86:4.4.0` where the version ("v86") matches the version of the chromium-based browser you're using and the version number of the artifact is the same as Selenium's.
]]></system-err>
  </testcase>
  <testcase name="Varify department sidebar options #2" classname="This feature is use for testing UI of Retail page" time="4.527">
    <system-out><![CDATA[
@completeTest
Scenario Outline: Varify department sidebar options # features/Retail.feature:21
 INFO [main] (RetailSteps.java:27)- user is on retail website
 INFO [main] (RetailSteps.java:28)- Actual Title React App Equals  ExpectedTitle React App
  Given User is on retail website                   # tek.capstone.framework.steps.RetailSteps.userIsOnRetailWebsite()
 INFO [main] (RetailSteps.java:42)- User click on all sidebar button
  When User click on All Section                    # tek.capstone.framework.steps.RetailSteps.userClickOnAllSection()
  And User on 'Computers'                           # tek.capstone.framework.steps.RetailSteps.userOn(java.lang.String)
 INFO [main] (RetailSteps.java:83)- Accessories is present
 INFO [main] (RetailSteps.java:83)- Networking is present
  Then below options are present in department      # tek.capstone.framework.steps.RetailSteps.belowOptionsArePresentInDepartment(io.cucumber.datatable.DataTable)
    | Accessories | Networking |
]]></system-out>
    <system-err><![CDATA[Starting ChromeDriver 111.0.5563.64 (c710e93d5b63b7095afe8c2c17df34408078439d-refs/branch-heads/5563@{#995}) on port 61030
Only local connections are allowed.
Please see https://chromedriver.chromium.org/security-considerations for suggestions on keeping ChromeDriver safe.
ChromeDriver was started successfully.
Mar 19, 2023 7:55:49 PM org.openqa.selenium.remote.ProtocolHandshake createSession
INFO: Detected upstream dialect: W3C
Mar 19, 2023 7:55:49 PM org.openqa.selenium.devtools.CdpVersionFinder findNearestMatch
WARNING: Unable to find an exact match for CDP version 111, so returning the closest version found: a no-op implementation
Mar 19, 2023 7:55:49 PM org.openqa.selenium.devtools.CdpVersionFinder findNearestMatch
INFO: Unable to find CDP implementation matching 111.
Mar 19, 2023 7:55:49 PM org.openqa.selenium.chromium.ChromiumDriver lambda$new$3
WARNING: Unable to find version of CDP to use for . You may need to include a dependency on a specific version of the CDP using something similar to `org.seleniumhq.selenium:selenium-devtools-v86:4.4.0` where the version ("v86") matches the version of the chromium-based browser you're using and the version number of the artifact is the same as Selenium's.
]]></system-err>
  </testcase>
  <testcase name="Varify department sidebar options #3" classname="This feature is use for testing UI of Retail page" time="3.521">
    <system-out><![CDATA[
@completeTest
Scenario Outline: Varify department sidebar options # features/Retail.feature:22
 INFO [main] (RetailSteps.java:27)- user is on retail website
 INFO [main] (RetailSteps.java:28)- Actual Title React App Equals  ExpectedTitle React App
  Given User is on retail website                   # tek.capstone.framework.steps.RetailSteps.userIsOnRetailWebsite()
 INFO [main] (RetailSteps.java:42)- User click on all sidebar button
  When User click on All Section                    # tek.capstone.framework.steps.RetailSteps.userClickOnAllSection()
  And User on 'Smart Home'                          # tek.capstone.framework.steps.RetailSteps.userOn(java.lang.String)
 INFO [main] (RetailSteps.java:83)- Smart Home Lightning is present
 INFO [main] (RetailSteps.java:83)- Plugs and Outlets is present
  Then below options are present in department      # tek.capstone.framework.steps.RetailSteps.belowOptionsArePresentInDepartment(io.cucumber.datatable.DataTable)
    | Smart Home Lightning | Plugs and Outlets |
]]></system-out>
    <system-err><![CDATA[Starting ChromeDriver 111.0.5563.64 (c710e93d5b63b7095afe8c2c17df34408078439d-refs/branch-heads/5563@{#995}) on port 65289
Only local connections are allowed.
Please see https://chromedriver.chromium.org/security-considerations for suggestions on keeping ChromeDriver safe.
ChromeDriver was started successfully.
Mar 19, 2023 7:55:53 PM org.openqa.selenium.remote.ProtocolHandshake createSession
INFO: Detected upstream dialect: W3C
Mar 19, 2023 7:55:53 PM org.openqa.selenium.devtools.CdpVersionFinder findNearestMatch
WARNING: Unable to find an exact match for CDP version 111, so returning the closest version found: a no-op implementation
Mar 19, 2023 7:55:53 PM org.openqa.selenium.devtools.CdpVersionFinder findNearestMatch
INFO: Unable to find CDP implementation matching 111.
Mar 19, 2023 7:55:53 PM org.openqa.selenium.chromium.ChromiumDriver lambda$new$3
WARNING: Unable to find version of CDP to use for . You may need to include a dependency on a specific version of the CDP using something similar to `org.seleniumhq.selenium:selenium-devtools-v86:4.4.0` where the version ("v86") matches the version of the chromium-based browser you're using and the version number of the artifact is the same as Selenium's.
]]></system-err>
  </testcase>
  <testcase name="Varify department sidebar options #4" classname="This feature is use for testing UI of Retail page" time="5.361">
    <system-out><![CDATA[
@completeTest
Scenario Outline: Varify department sidebar options # features/Retail.feature:23
 INFO [main] (RetailSteps.java:27)- user is on retail website
 INFO [main] (RetailSteps.java:28)- Actual Title React App Equals  ExpectedTitle React App
  Given User is on retail website                   # tek.capstone.framework.steps.RetailSteps.userIsOnRetailWebsite()
 INFO [main] (RetailSteps.java:42)- User click on all sidebar button
  When User click on All Section                    # tek.capstone.framework.steps.RetailSteps.userClickOnAllSection()
  And User on 'Sports'                              # tek.capstone.framework.steps.RetailSteps.userOn(java.lang.String)
 INFO [main] (RetailSteps.java:83)- Athletic Clothing is present
 INFO [main] (RetailSteps.java:83)- Exercise & Fitness is present
  Then below options are present in department      # tek.capstone.framework.steps.RetailSteps.belowOptionsArePresentInDepartment(io.cucumber.datatable.DataTable)
    | Athletic Clothing | Exercise & Fitness |
]]></system-out>
    <system-err><![CDATA[Starting ChromeDriver 111.0.5563.64 (c710e93d5b63b7095afe8c2c17df34408078439d-refs/branch-heads/5563@{#995}) on port 54833
Only local connections are allowed.
Please see https://chromedriver.chromium.org/security-considerations for suggestions on keeping ChromeDriver safe.
ChromeDriver was started successfully.
Mar 19, 2023 7:55:57 PM org.openqa.selenium.remote.ProtocolHandshake createSession
INFO: Detected upstream dialect: W3C
Mar 19, 2023 7:55:57 PM org.openqa.selenium.devtools.CdpVersionFinder findNearestMatch
WARNING: Unable to find an exact match for CDP version 111, so returning the closest version found: a no-op implementation
Mar 19, 2023 7:55:57 PM org.openqa.selenium.devtools.CdpVersionFinder findNearestMatch
INFO: Unable to find CDP implementation matching 111.
Mar 19, 2023 7:55:57 PM org.openqa.selenium.chromium.ChromiumDriver lambda$new$3
WARNING: Unable to find version of CDP to use for . You may need to include a dependency on a specific version of the CDP using something similar to `org.seleniumhq.selenium:selenium-devtools-v86:4.4.0` where the version ("v86") matches the version of the chromium-based browser you're using and the version number of the artifact is the same as Selenium's.
]]></system-err>
  </testcase>
  <testcase name="Varify department sidebar options #5" classname="This feature is use for testing UI of Retail page" time="3.173">
    <system-out><![CDATA[
@completeTest
Scenario Outline: Varify department sidebar options # features/Retail.feature:24
 INFO [main] (RetailSteps.java:27)- user is on retail website
 INFO [main] (RetailSteps.java:28)- Actual Title React App Equals  ExpectedTitle React App
  Given User is on retail website                   # tek.capstone.framework.steps.RetailSteps.userIsOnRetailWebsite()
 INFO [main] (RetailSteps.java:42)- User click on all sidebar button
  When User click on All Section                    # tek.capstone.framework.steps.RetailSteps.userClickOnAllSection()
  And User on 'Automotive'                          # tek.capstone.framework.steps.RetailSteps.userOn(java.lang.String)
  Then below options are present in department      # tek.capstone.framework.steps.RetailSteps.belowOptionsArePresentInDepartment(io.cucumber.datatable.DataTable)
    | Automotive Parts & Accessories | MotorCycle & Powersport |
]]></system-out>
    <system-err><![CDATA[Starting ChromeDriver 111.0.5563.64 (c710e93d5b63b7095afe8c2c17df34408078439d-refs/branch-heads/5563@{#995}) on port 54376
Only local connections are allowed.
Please see https://chromedriver.chromium.org/security-considerations for suggestions on keeping ChromeDriver safe.
ChromeDriver was started successfully.
Mar 19, 2023 7:56:02 PM org.openqa.selenium.remote.ProtocolHandshake createSession
INFO: Detected upstream dialect: W3C
Mar 19, 2023 7:56:02 PM org.openqa.selenium.devtools.CdpVersionFinder findNearestMatch
WARNING: Unable to find an exact match for CDP version 111, so returning the closest version found: a no-op implementation
Mar 19, 2023 7:56:02 PM org.openqa.selenium.devtools.CdpVersionFinder findNearestMatch
INFO: Unable to find CDP implementation matching 111.
Mar 19, 2023 7:56:02 PM org.openqa.selenium.chromium.ChromiumDriver lambda$new$3
WARNING: Unable to find version of CDP to use for . You may need to include a dependency on a specific version of the CDP using something similar to `org.seleniumhq.selenium:selenium-devtools-v86:4.4.0` where the version ("v86") matches the version of the chromium-based browser you're using and the version number of the artifact is the same as Selenium's.
]]></system-err>
  </testcase>
  <testcase name="Varify User can add an item to cart" classname="This feature is use for testing UI of Retail page" time="6.222">
    <system-out><![CDATA[
@completeTest
Scenario: Varify User can add an item to cart                                     # features/Retail.feature:26
 INFO [main] (RetailSteps.java:27)- user is on retail website
 INFO [main] (RetailSteps.java:28)- Actual Title React App Equals  ExpectedTitle React App
  Given User is on retail website                                                 # tek.capstone.framework.steps.RetailSteps.userIsOnRetailWebsite()
 INFO [main] (SignInSteps.java:21)- User click on Sign In Button
  When User click on Sign in option                                               # tek.capstone.framework.steps.SignInSteps.userClickOnSignInOption()
 INFO [main] (SignInSteps.java:32)- User enter email and password in sign in page
  And User enter email 'FARBOD.HASHEMI@TEKSCHOOL.US' and password 'Farbod@123456' # tek.capstone.framework.steps.SignInSteps.userEnterEmailAndPassword(java.lang.String,java.lang.String)
 INFO [main] (SignInSteps.java:38)- User click the log In Button
  And User click on login button                                                  # tek.capstone.framework.steps.SignInSteps.userClickOnLoginButton()
  And User should be logged in into Account                                       # tek.capstone.framework.steps.SignInSteps.userShouldBeLoggedInIntoAccount()
 INFO [main] (RetailSteps.java:92)- User change category to Smart Home
  And User change the category to 'Smart Home'                                    # tek.capstone.framework.steps.RetailSteps.userChangeTheCategoryTo(java.lang.String)
 INFO [main] (RetailSteps.java:99)- User search for specific product
  And User search for an item 'kasa outdoor smart plug'                           # tek.capstone.framework.steps.RetailSteps.userSearchForAnItem(java.lang.String)
 INFO [main] (RetailSteps.java:105)- User cclick on search button
  And User click on search icon                                                   # tek.capstone.framework.steps.RetailSteps.userClickOnSearchIcon()
  And User click on item                                                          # tek.capstone.framework.steps.RetailSteps.userClickOnItem()
 INFO [main] (RetailSteps.java:118)- User change the quantity of product
  And User select quantity '2'                                                    # tek.capstone.framework.steps.RetailSteps.userSelectQuantity(java.lang.String)
 INFO [main] (RetailSteps.java:125)- User clicked on add to cart button
  And User click add to Cart button                                               # tek.capstone.framework.steps.RetailSteps.userClickAddToCartButton()
 INFO [main] (RetailSteps.java:133)- User successfully add 2 product into cart
  Then the cart icon quantity should change to '2'                                # tek.capstone.framework.steps.RetailSteps.theCartIconQuantityShouldChangeTo(java.lang.String)
]]></system-out>
    <system-err><![CDATA[Starting ChromeDriver 111.0.5563.64 (c710e93d5b63b7095afe8c2c17df34408078439d-refs/branch-heads/5563@{#995}) on port 58836
Only local connections are allowed.
Please see https://chromedriver.chromium.org/security-considerations for suggestions on keeping ChromeDriver safe.
ChromeDriver was started successfully.
Mar 19, 2023 7:56:06 PM org.openqa.selenium.remote.ProtocolHandshake createSession
INFO: Detected upstream dialect: W3C
Mar 19, 2023 7:56:06 PM org.openqa.selenium.devtools.CdpVersionFinder findNearestMatch
WARNING: Unable to find an exact match for CDP version 111, so returning the closest version found: a no-op implementation
Mar 19, 2023 7:56:06 PM org.openqa.selenium.devtools.CdpVersionFinder findNearestMatch
INFO: Unable to find CDP implementation matching 111.
Mar 19, 2023 7:56:06 PM org.openqa.selenium.chromium.ChromiumDriver lambda$new$3
WARNING: Unable to find version of CDP to use for . You may need to include a dependency on a specific version of the CDP using something similar to `org.seleniumhq.selenium:selenium-devtools-v86:4.4.0` where the version ("v86") matches the version of the chromium-based browser you're using and the version number of the artifact is the same as Selenium's.
]]></system-err>
  </testcase>
  <testcase name="Verify User can place an order without Shipping address and payment Method on file" classname="This feature is use for testing UI of Retail page" time="11.25">
    <system-out><![CDATA[
@completeTest
Scenario: Verify User can place an order without Shipping address and payment Method on file # features/Retail.feature:39
 INFO [main] (RetailSteps.java:27)- user is on retail website
 INFO [main] (RetailSteps.java:28)- Actual Title React App Equals  ExpectedTitle React App
  Given User is on retail website                                                            # tek.capstone.framework.steps.RetailSteps.userIsOnRetailWebsite()
 INFO [main] (SignInSteps.java:21)- User click on Sign In Button
  When User click on Sign in option                                                          # tek.capstone.framework.steps.SignInSteps.userClickOnSignInOption()
 INFO [main] (SignInSteps.java:32)- User enter email and password in sign in page
  And User enter email 'FARBOD.HASHEMI@TEKSCHOOL.US' and password 'Farbod@123456'            # tek.capstone.framework.steps.SignInSteps.userEnterEmailAndPassword(java.lang.String,java.lang.String)
 INFO [main] (SignInSteps.java:38)- User click the log In Button
  And User click on login button                                                             # tek.capstone.framework.steps.SignInSteps.userClickOnLoginButton()
  And User should be logged in into Account                                                  # tek.capstone.framework.steps.SignInSteps.userShouldBeLoggedInIntoAccount()
 INFO [main] (RetailSteps.java:92)- User change category to Smart Home
  And User change the category to 'Smart Home'                                               # tek.capstone.framework.steps.RetailSteps.userChangeTheCategoryTo(java.lang.String)
 INFO [main] (RetailSteps.java:99)- User search for specific product
  And User search for an item 'kasa outdoor smart plug'                                      # tek.capstone.framework.steps.RetailSteps.userSearchForAnItem(java.lang.String)
 INFO [main] (RetailSteps.java:105)- User cclick on search button
  And User click on search icon                                                              # tek.capstone.framework.steps.RetailSteps.userClickOnSearchIcon()
  And User click on item                                                                     # tek.capstone.framework.steps.RetailSteps.userClickOnItem()
 INFO [main] (RetailSteps.java:118)- User change the quantity of product
  And User select quantity '2'                                                               # tek.capstone.framework.steps.RetailSteps.userSelectQuantity(java.lang.String)
 INFO [main] (RetailSteps.java:125)- User clicked on add to cart button
  And User click add to Cart button                                                          # tek.capstone.framework.steps.RetailSteps.userClickAddToCartButton()
  Then the cart icon quantity should change to '4'                                           # tek.capstone.framework.steps.RetailSteps.theCartIconQuantityShouldChangeTo(java.lang.String)
 INFO [main] (RetailSteps.java:144)- User clicked on Cart Button
  And User click on Cart option                                                              # tek.capstone.framework.steps.RetailSteps.userClickOnCartOption()
 INFO [main] (RetailSteps.java:150)- User clicked on Proceed to Checkout button
  And User click on Proceed to Checkout button                                               # tek.capstone.framework.steps.RetailSteps.userClickOnProceedToCheckoutButton()
 INFO [main] (RetailSteps.java:156)- User clicked on Add New Address Button
  And User click Add a new address link for shipping address                                 # tek.capstone.framework.steps.RetailSteps.userClickAddANewAddressLinkForShippingAddress()
 INFO [main] (AccountPageSteps.java:232)- User fill the new information for updating address
  And User fill new address form with below information                                      # tek.capstone.framework.steps.AccountPageSteps.userFillNewAddressFormWithBelowInformation(io.cucumber.datatable.DataTable)
    | country | fullName | PhoneNumber | StreetAddress | apt | city | state | zipCode |
 INFO [main] (AccountPageSteps.java:197)- User click on Add Your Address Button
  And User click Add Your Address button                                                     # tek.capstone.framework.steps.AccountPageSteps.userClickAddYourAddressButton()
  And User click Add a credit card or Debit Card for Payment method                          # tek.capstone.framework.steps.RetailSteps.userClickAddACreditCardOrDebitCardForPaymentMethod()
  And User fill Debit or Credit card information                                             # tek.capstone.framework.steps.AccountPageSteps.userFillDebitOrCreditCardInformation(io.cucumber.datatable.DataTable)
    | cardNumber | nameOnCard | expirationMonth | expirationYear | securityCode |
  And User click on Add your card button                                                     # tek.capstone.framework.steps.AccountPageSteps.userClickOnAddYourCardButton()
  And User click on Place Your Order                                                         # tek.capstone.framework.steps.RetailSteps.userClickOnPlaceYourOrder()
 INFO [main] (RetailSteps.java:176)- User Successfully placed the order
  Then a message should be displayed 'Order Placed, Thanks'                                  # tek.capstone.framework.steps.RetailSteps.aMessageShouldBeDisplayedOrderPlacedThanks(java.lang.String)
]]></system-out>
    <system-err><![CDATA[Starting ChromeDriver 111.0.5563.64 (c710e93d5b63b7095afe8c2c17df34408078439d-refs/branch-heads/5563@{#995}) on port 55083
Only local connections are allowed.
Please see https://chromedriver.chromium.org/security-considerations for suggestions on keeping ChromeDriver safe.
ChromeDriver was started successfully.
Mar 19, 2023 7:56:12 PM org.openqa.selenium.remote.ProtocolHandshake createSession
INFO: Detected upstream dialect: W3C
Mar 19, 2023 7:56:12 PM org.openqa.selenium.devtools.CdpVersionFinder findNearestMatch
WARNING: Unable to find an exact match for CDP version 111, so returning the closest version found: a no-op implementation
Mar 19, 2023 7:56:12 PM org.openqa.selenium.devtools.CdpVersionFinder findNearestMatch
INFO: Unable to find CDP implementation matching 111.
Mar 19, 2023 7:56:12 PM org.openqa.selenium.chromium.ChromiumDriver lambda$new$3
WARNING: Unable to find version of CDP to use for . You may need to include a dependency on a specific version of the CDP using something similar to `org.seleniumhq.selenium:selenium-devtools-v86:4.4.0` where the version ("v86") matches the version of the chromium-based browser you're using and the version number of the artifact is the same as Selenium's.
]]></system-err>
  </testcase>
  <testcase name="Verify User can place an order with Shipping address and payment Method on file" classname="This feature is use for testing UI of Retail page" time="7.155">
    <system-out><![CDATA[
@completeTest
Scenario: Verify User can place an order with Shipping address and payment Method on file # features/Retail.feature:64
 INFO [main] (RetailSteps.java:27)- user is on retail website
 INFO [main] (RetailSteps.java:28)- Actual Title React App Equals  ExpectedTitle React App
  Given User is on retail website                                                         # tek.capstone.framework.steps.RetailSteps.userIsOnRetailWebsite()
 INFO [main] (SignInSteps.java:21)- User click on Sign In Button
  When User click on Sign in option                                                       # tek.capstone.framework.steps.SignInSteps.userClickOnSignInOption()
 INFO [main] (SignInSteps.java:32)- User enter email and password in sign in page
  And User enter email 'FARBOD.HASHEMI@TEKSCHOOL.US' and password 'Farbod@123456'         # tek.capstone.framework.steps.SignInSteps.userEnterEmailAndPassword(java.lang.String,java.lang.String)
 INFO [main] (SignInSteps.java:38)- User click the log In Button
  And User click on login button                                                          # tek.capstone.framework.steps.SignInSteps.userClickOnLoginButton()
  And User should be logged in into Account                                               # tek.capstone.framework.steps.SignInSteps.userShouldBeLoggedInIntoAccount()
 INFO [main] (RetailSteps.java:92)- User change category to Smart Home
  And User change the category to 'Electronics'                                           # tek.capstone.framework.steps.RetailSteps.userChangeTheCategoryTo(java.lang.String)
 INFO [main] (RetailSteps.java:99)- User search for specific product
  And User search for an item 'Apex Legends'                                              # tek.capstone.framework.steps.RetailSteps.userSearchForAnItem(java.lang.String)
 INFO [main] (RetailSteps.java:105)- User cclick on search button
  And User click on search icon                                                           # tek.capstone.framework.steps.RetailSteps.userClickOnSearchIcon()
  And User click on item                                                                  # tek.capstone.framework.steps.RetailSteps.userClickOnItem()
 INFO [main] (RetailSteps.java:118)- User change the quantity of product
  And User select quantity '5'                                                            # tek.capstone.framework.steps.RetailSteps.userSelectQuantity(java.lang.String)
 INFO [main] (RetailSteps.java:125)- User clicked on add to cart button
  And User click add to Cart button                                                       # tek.capstone.framework.steps.RetailSteps.userClickAddToCartButton()
  Then the cart icon quantity should change to '9'                                        # tek.capstone.framework.steps.RetailSteps.theCartIconQuantityShouldChangeTo(java.lang.String)
 INFO [main] (RetailSteps.java:144)- User clicked on Cart Button
  And User click on Cart option                                                           # tek.capstone.framework.steps.RetailSteps.userClickOnCartOption()
 INFO [main] (RetailSteps.java:150)- User clicked on Proceed to Checkout button
  And User click on Proceed to Checkout button                                            # tek.capstone.framework.steps.RetailSteps.userClickOnProceedToCheckoutButton()
  And User click on Place Your Order                                                      # tek.capstone.framework.steps.RetailSteps.userClickOnPlaceYourOrder()
 INFO [main] (RetailSteps.java:176)- User Successfully placed the order
  Then a message should be displayed 'Order Placed, Thanks'                               # tek.capstone.framework.steps.RetailSteps.aMessageShouldBeDisplayedOrderPlacedThanks(java.lang.String)
]]></system-out>
    <system-err><![CDATA[Starting ChromeDriver 111.0.5563.64 (c710e93d5b63b7095afe8c2c17df34408078439d-refs/branch-heads/5563@{#995}) on port 50460
Only local connections are allowed.
Please see https://chromedriver.chromium.org/security-considerations for suggestions on keeping ChromeDriver safe.
ChromeDriver was started successfully.
Mar 19, 2023 7:56:23 PM org.openqa.selenium.remote.ProtocolHandshake createSession
INFO: Detected upstream dialect: W3C
Mar 19, 2023 7:56:23 PM org.openqa.selenium.devtools.CdpVersionFinder findNearestMatch
WARNING: Unable to find an exact match for CDP version 111, so returning the closest version found: a no-op implementation
Mar 19, 2023 7:56:23 PM org.openqa.selenium.devtools.CdpVersionFinder findNearestMatch
INFO: Unable to find CDP implementation matching 111.
Mar 19, 2023 7:56:23 PM org.openqa.selenium.chromium.ChromiumDriver lambda$new$3
WARNING: Unable to find version of CDP to use for . You may need to include a dependency on a specific version of the CDP using something similar to `org.seleniumhq.selenium:selenium-devtools-v86:4.4.0` where the version ("v86") matches the version of the chromium-based browser you're using and the version number of the artifact is the same as Selenium's.
]]></system-err>
  </testcase>
  <testcase name="Varify user can sign in into Retail Application" classname="Sign In Feature" time="4.738">
    <system-out><![CDATA[
@completeTest
Scenario: Varify user can sign in into Retail Application                         # features/SignIn.feature:8
 INFO [main] (RetailSteps.java:27)- user is on retail website
 INFO [main] (RetailSteps.java:28)- Actual Title React App Equals  ExpectedTitle React App
  Given User is on retail website                                                 # tek.capstone.framework.steps.RetailSteps.userIsOnRetailWebsite()
 INFO [main] (SignInSteps.java:21)- User click on Sign In Button
  When User click on Sign in option                                               # tek.capstone.framework.steps.SignInSteps.userClickOnSignInOption()
 INFO [main] (SignInSteps.java:32)- User enter email and password in sign in page
  And User enter email 'FARBOD.HASHEMI@TEKSCHOOL.US' and password 'Farbod@123456' # tek.capstone.framework.steps.SignInSteps.userEnterEmailAndPassword(java.lang.String,java.lang.String)
 INFO [main] (SignInSteps.java:38)- User click the log In Button
  And User click on login button                                                  # tek.capstone.framework.steps.SignInSteps.userClickOnLoginButton()
  Then User should be logged in into Account                                      # tek.capstone.framework.steps.SignInSteps.userShouldBeLoggedInIntoAccount()
]]></system-out>
    <system-err><![CDATA[Starting ChromeDriver 111.0.5563.64 (c710e93d5b63b7095afe8c2c17df34408078439d-refs/branch-heads/5563@{#995}) on port 64026
Only local connections are allowed.
Please see https://chromedriver.chromium.org/security-considerations for suggestions on keeping ChromeDriver safe.
ChromeDriver was started successfully.
Mar 19, 2023 7:56:30 PM org.openqa.selenium.remote.ProtocolHandshake createSession
INFO: Detected upstream dialect: W3C
Mar 19, 2023 7:56:30 PM org.openqa.selenium.devtools.CdpVersionFinder findNearestMatch
WARNING: Unable to find an exact match for CDP version 111, so returning the closest version found: a no-op implementation
Mar 19, 2023 7:56:30 PM org.openqa.selenium.devtools.CdpVersionFinder findNearestMatch
INFO: Unable to find CDP implementation matching 111.
Mar 19, 2023 7:56:30 PM org.openqa.selenium.chromium.ChromiumDriver lambda$new$3
WARNING: Unable to find version of CDP to use for . You may need to include a dependency on a specific version of the CDP using something similar to `org.seleniumhq.selenium:selenium-devtools-v86:4.4.0` where the version ("v86") matches the version of the chromium-based browser you're using and the version number of the artifact is the same as Selenium's.
]]></system-err>
  </testcase>
  <testcase name="Varify user can create an account into Retail Website" classname="Sign In Feature" time="7.135">
    <system-out><![CDATA[
@completeTest
Scenario: Varify user can create an account into Retail Website # features/SignIn.feature:13
 INFO [main] (RetailSteps.java:27)- user is on retail website
 INFO [main] (RetailSteps.java:28)- Actual Title React App Equals  ExpectedTitle React App
  Given User is on retail website                               # tek.capstone.framework.steps.RetailSteps.userIsOnRetailWebsite()
 INFO [main] (SignInSteps.java:21)- User click on Sign In Button
  When User click on Sign in option                             # tek.capstone.framework.steps.SignInSteps.userClickOnSignInOption()
 INFO [main] (SignInSteps.java:51)- user click on new account button
  And User click on Create New Account button                   # tek.capstone.framework.steps.SignInSteps.userClickOnCreateNewAccountButton()
 INFO [main] (SignInSteps.java:61)- user filled the signUp information form
  Then User fill the signUp information with below data         # tek.capstone.framework.steps.SignInSteps.userFillTheSignUpInformationWithBelowData(io.cucumber.datatable.DataTable)
    | fullName | email   | password    | password    |
    | [empty]  | [empty] | Tek@6583456 | Tek@6583456 |
 INFO [main] (SignInSteps.java:68)- User clicked on sign up button
  And User click on SignUp button                               # tek.capstone.framework.steps.SignInSteps.userClickOnSignUpButton()
  Then User should be logged into account page                  # tek.capstone.framework.steps.SignInSteps.userShouldBeLoggedIntoAccountPage()
]]></system-out>
    <system-err><![CDATA[Starting ChromeDriver 111.0.5563.64 (c710e93d5b63b7095afe8c2c17df34408078439d-refs/branch-heads/5563@{#995}) on port 63694
Only local connections are allowed.
Please see https://chromedriver.chromium.org/security-considerations for suggestions on keeping ChromeDriver safe.
ChromeDriver was started successfully.
Mar 19, 2023 7:56:35 PM org.openqa.selenium.remote.ProtocolHandshake createSession
INFO: Detected upstream dialect: W3C
Mar 19, 2023 7:56:35 PM org.openqa.selenium.devtools.CdpVersionFinder findNearestMatch
WARNING: Unable to find an exact match for CDP version 111, so returning the closest version found: a no-op implementation
Mar 19, 2023 7:56:35 PM org.openqa.selenium.devtools.CdpVersionFinder findNearestMatch
INFO: Unable to find CDP implementation matching 111.
Mar 19, 2023 7:56:35 PM org.openqa.selenium.chromium.ChromiumDriver lambda$new$3
WARNING: Unable to find version of CDP to use for . You may need to include a dependency on a specific version of the CDP using something similar to `org.seleniumhq.selenium:selenium-devtools-v86:4.4.0` where the version ("v86") matches the version of the chromium-based browser you're using and the version number of the artifact is the same as Selenium's.
]]></system-err>
  </testcase>
</testsuite>